#
# There is insufficient memory for the Java Runtime Environment to continue.
# Native memory allocation (malloc) failed to allocate 1080736 bytes for Chunk::new
# Possible reasons:
#   The system is out of physical RAM or swap space
#   The process is running with CompressedOops enabled, and the Java Heap may be blocking the growth of the native heap
# Possible solutions:
#   Reduce memory load on the system
#   Increase physical memory or swap space
#   Check if swap backing store is full
#   Decrease Java heap size (-Xmx/-Xms)
#   Decrease number of Java threads
#   Decrease Java thread stack sizes (-Xss)
#   Set larger code cache with -XX:ReservedCodeCacheSize=
#   JVM is running with Unscaled Compressed Oops mode in which the Java heap is
#     placed in the first 4GB address space. The Java Heap base address is the
#     maximum limit for the native heap growth. Please use -XX:HeapBaseMinAddress
#     to set the Java Heap base and to place the Java Heap above 4GB virtual address.
# This output file may be truncated or incomplete.
#
#  Out of Memory Error (./src/hotspot/share/memory/arena.cpp:197), pid=14364, tid=976
#
# JRE version: OpenJDK Runtime Environment (11.0.10) (build 11.0.10+0-b96-7249189)
# Java VM: OpenJDK 64-Bit Server VM (11.0.10+0-b96-7249189, mixed mode, tiered, compressed oops, g1 gc, windows-amd64)
# No core dump will be written. Minidumps are not enabled by default on client versions of Windows
#

---------------  S U M M A R Y ------------

Command Line: --add-opens=java.base/java.util=ALL-UNNAMED --add-opens=java.base/java.lang=ALL-UNNAMED --add-opens=java.base/java.lang.invoke=ALL-UNNAMED --add-opens=java.base/java.util=ALL-UNNAMED --add-opens=java.prefs/java.util.prefs=ALL-UNNAMED --add-opens=java.prefs/java.util.prefs=ALL-UNNAMED --add-opens=java.base/java.nio.charset=ALL-UNNAMED --add-opens=java.base/java.net=ALL-UNNAMED --add-opens=java.base/java.util.concurrent.atomic=ALL-UNNAMED -Xmx2048m -Dfile.encoding=UTF-8 -Duser.country=RU -Duser.language=ru -Duser.variant org.gradle.launcher.daemon.bootstrap.GradleDaemon 7.0.2

Host: Intel(R) Core(TM) i5-8265U CPU @ 1.60GHz, 8 cores, 7G,  Windows 10 , 64 bit Build 19041 (10.0.19041.1503)
Time: Mon Apr 25 21:27:34 2022 RTZ 4 (зима) elapsed time: 3542.676761 seconds (0d 0h 59m 2s)

---------------  T H R E A D  ---------------

Current thread (0x000001fea10dc800):  JavaThread "C2 CompilerThread2" daemon [_thread_in_native, id=976, stack(0x0000003fa4a00000,0x0000003fa4b00000)]


Current CompileTask:
C2:3542676 21751       4       com.android.tools.r8.dex.j::e (654 bytes)

Stack: [0x0000003fa4a00000,0x0000003fa4b00000]
Native frames: (J=compiled Java code, j=interpreted, Vv=VM code, C=native code)
V  [jvm.dll+0x5ecfaa]
V  [jvm.dll+0x722bd5]
V  [jvm.dll+0x72412d]
V  [jvm.dll+0x7247e3]
V  [jvm.dll+0x242928]
V  [jvm.dll+0xbc4fc]
V  [jvm.dll+0xbca0c]
V  [jvm.dll+0x2b4fd4]
V  [jvm.dll+0x506028]
V  [jvm.dll+0x203253]
V  [jvm.dll+0x1fd07c]
V  [jvm.dll+0x1fa77f]
V  [jvm.dll+0x18354c]
V  [jvm.dll+0x208ee7]
V  [jvm.dll+0x207731]
V  [jvm.dll+0x6eb1cf]
V  [jvm.dll+0x6e3d45]
V  [jvm.dll+0x5ebe96]
C  [ucrtbase.dll+0x21bb2]
C  [KERNEL32.DLL+0x17034]
C  [ntdll.dll+0x52651]


---------------  P R O C E S S  ---------------

Threads class SMR info:
_java_thread_list=0x000001feae4e0b40, length=67, elements={
0x000001fe8319c800, 0x000001fe9d60f800, 0x000001fe9d613000, 0x000001fe9dfbb000,
0x000001fe9dfbd000, 0x000001fe9dfbe000, 0x000001fe9dfc1800, 0x000001fe9dfc3800,
0x000001fe9d62f000, 0x000001fe9e109000, 0x000001fe9fb37800, 0x000001fe9e363000,
0x000001fea00b3000, 0x000001fea0b45800, 0x000001fea0b3f800, 0x000001fea0b46000,
0x000001fea0b42000, 0x000001fea0b43800, 0x000001fea0b40800, 0x000001fea0b44800,
0x000001fea10d0000, 0x000001fea10d4000, 0x000001fea10d1800, 0x000001fea10d1000,
0x000001fea10d2800, 0x000001fea10ce800, 0x000001fea10d7800, 0x000001fea10da000,
0x000001fea1815000, 0x000001fea1815800, 0x000001fea1812800, 0x000001fea1816800,
0x000001fea1819000, 0x000001fea1813000, 0x000001fea181f800, 0x000001fea181e000,
0x000001fea181b800, 0x000001fea181a800, 0x000001fea181c000, 0x000001fea181e800,
0x000001fea1819800, 0x000001fea1820000, 0x000001fea181d000, 0x000001fea1821000,
0x000001fea10d3800, 0x000001fea10d5000, 0x000001fea10cf800, 0x000001fea10db800,
0x000001fea10d8800, 0x000001fea10d6000, 0x000001fea10d6800, 0x000001fea10dc800,
0x000001fea10dd000, 0x000001fea0b41000, 0x000001fea0b43000, 0x000001fea75d1800,
0x000001fea75d0000, 0x000001fea75d2800, 0x000001fea75d3800, 0x000001fea75cd800,
0x000001fea75d4000, 0x000001fea75d5000, 0x000001fea75d6000, 0x000001fea75d8000,
0x000001fea75d6800, 0x000001fea75d9000, 0x000001fea75da800
}

Java Threads: ( => current thread )
  0x000001fe8319c800 JavaThread "main" [_thread_blocked, id=2340, stack(0x0000003fa0c00000,0x0000003fa0d00000)]
  0x000001fe9d60f800 JavaThread "Reference Handler" daemon [_thread_blocked, id=14948, stack(0x0000003fa1300000,0x0000003fa1400000)]
  0x000001fe9d613000 JavaThread "Finalizer" daemon [_thread_blocked, id=12736, stack(0x0000003fa1400000,0x0000003fa1500000)]
  0x000001fe9dfbb000 JavaThread "Signal Dispatcher" daemon [_thread_blocked, id=11244, stack(0x0000003fa1500000,0x0000003fa1600000)]
  0x000001fe9dfbd000 JavaThread "Attach Listener" daemon [_thread_blocked, id=8284, stack(0x0000003fa1600000,0x0000003fa1700000)]
  0x000001fe9dfbe000 JavaThread "Service Thread" daemon [_thread_blocked, id=9584, stack(0x0000003fa1700000,0x0000003fa1800000)]
  0x000001fe9dfc1800 JavaThread "C2 CompilerThread0" daemon [_thread_in_native, id=12796, stack(0x0000003fa1800000,0x0000003fa1900000)]
  0x000001fe9dfc3800 JavaThread "C1 CompilerThread0" daemon [_thread_blocked, id=2132, stack(0x0000003fa1900000,0x0000003fa1a00000)]
  0x000001fe9d62f000 JavaThread "Sweeper thread" daemon [_thread_blocked, id=14572, stack(0x0000003fa1a00000,0x0000003fa1b00000)]
  0x000001fe9e109000 JavaThread "Common-Cleaner" daemon [_thread_blocked, id=8352, stack(0x0000003fa1b00000,0x0000003fa1c00000)]
  0x000001fe9fb37800 JavaThread "Daemon health stats" [_thread_blocked, id=3060, stack(0x0000003fa2100000,0x0000003fa2200000)]
  0x000001fe9e363000 JavaThread "Incoming local TCP Connector on port 54907" [_thread_in_native, id=9860, stack(0x0000003fa1d00000,0x0000003fa1e00000)]
  0x000001fea00b3000 JavaThread "Daemon periodic checks" [_thread_blocked, id=13732, stack(0x0000003fa1e00000,0x0000003fa1f00000)]
  0x000001fea0b45800 JavaThread "Cache worker for file hash cache (C:\Users\mobile\.gradle\caches\7.0.2\fileHashes)" [_thread_blocked, id=11204, stack(0x0000003fa2f00000,0x0000003fa3000000)]
  0x000001fea0b3f800 JavaThread "File lock request listener" [_thread_in_native, id=14652, stack(0x0000003fa3000000,0x0000003fa3100000)]
  0x000001fea0b46000 JavaThread "Cache worker for journal cache (C:\Users\mobile\.gradle\caches\journal-1)" [_thread_blocked, id=9324, stack(0x0000003fa3200000,0x0000003fa3300000)]
  0x000001fea0b42000 JavaThread "File watcher server" daemon [_thread_in_native, id=12432, stack(0x0000003fa3400000,0x0000003fa3500000)]
  0x000001fea0b43800 JavaThread "File watcher consumer" daemon [_thread_blocked, id=12568, stack(0x0000003fa3500000,0x0000003fa3600000)]
  0x000001fea0b40800 JavaThread "jar transforms" [_thread_blocked, id=10428, stack(0x0000003fa3600000,0x0000003fa3700000)]
  0x000001fea0b44800 JavaThread "jar transforms Thread 2" [_thread_blocked, id=13120, stack(0x0000003fa3700000,0x0000003fa3800000)]
  0x000001fea10d0000 JavaThread "jar transforms Thread 3" [_thread_blocked, id=8500, stack(0x0000003fa3800000,0x0000003fa3900000)]
  0x000001fea10d4000 JavaThread "jar transforms Thread 4" [_thread_blocked, id=10560, stack(0x0000003fa3900000,0x0000003fa3a00000)]
  0x000001fea10d1800 JavaThread "jar transforms Thread 5" [_thread_blocked, id=3676, stack(0x0000003fa3a00000,0x0000003fa3b00000)]
  0x000001fea10d1000 JavaThread "jar transforms Thread 6" [_thread_blocked, id=10580, stack(0x0000003fa3b00000,0x0000003fa3c00000)]
  0x000001fea10d2800 JavaThread "jar transforms Thread 7" [_thread_blocked, id=5476, stack(0x0000003fa3c00000,0x0000003fa3d00000)]
  0x000001fea10ce800 JavaThread "jar transforms Thread 8" [_thread_blocked, id=5284, stack(0x0000003fa3d00000,0x0000003fa3e00000)]
  0x000001fea10d7800 JavaThread "Cache worker for execution history cache (C:\Users\mobile\.gradle\caches\7.0.2\executionHistory)" [_thread_blocked, id=8876, stack(0x0000003fa4100000,0x0000003fa4200000)]
  0x000001fea10da000 JavaThread "Cache worker for file content cache (C:\Users\mobile\.gradle\caches\7.0.2\fileContent)" [_thread_blocked, id=8656, stack(0x0000003fa4300000,0x0000003fa4400000)]
  0x000001fea1815000 JavaThread "Memory manager" [_thread_blocked, id=13916, stack(0x0000003fa4e00000,0x0000003fa4f00000)]
  0x000001fea1815800 JavaThread "Daemon Thread 2" [_thread_blocked, id=424, stack(0x0000003fa0900000,0x0000003fa0a00000)]
  0x000001fea1812800 JavaThread "Handler for socket connection from /127.0.0.1:54907 to /127.0.0.1:55094" [_thread_in_native, id=7084, stack(0x0000003fa0a00000,0x0000003fa0b00000)]
  0x000001fea1816800 JavaThread "Cancel handler" [_thread_blocked, id=4900, stack(0x0000003fa0b00000,0x0000003fa0c00000)]
  0x000001fea1819000 JavaThread "Daemon worker Thread 2" [_thread_blocked, id=2136, stack(0x0000003fa2200000,0x0000003fa2300000)]
  0x000001fea1813000 JavaThread "Asynchronous log dispatcher for DefaultDaemonConnection: socket connection from /127.0.0.1:54907 to /127.0.0.1:55094" [_thread_blocked, id=7080, stack(0x0000003fa2300000,0x0000003fa2400000)]
  0x000001fea181f800 JavaThread "Stdin handler" [_thread_blocked, id=5768, stack(0x0000003fa2400000,0x0000003fa2500000)]
  0x000001fea181e000 JavaThread "Daemon client event forwarder" [_thread_blocked, id=1772, stack(0x0000003fa2500000,0x0000003fa2600000)]
  0x000001fea181b800 JavaThread "Cache worker for file hash cache (C:\Users\mobile\AndroidStudioProjects\Pinapple_\.gradle\7.0.2\fileHashes)" [_thread_blocked, id=1984, stack(0x0000003fa2600000,0x0000003fa2700000)]
  0x000001fea181a800 JavaThread "C2 CompilerThread1" daemon [_thread_in_native, id=3736, stack(0x0000003fa2700000,0x0000003fa2800000)]
  0x000001fea181c000 JavaThread "Cache worker for checksums cache (C:\Users\mobile\AndroidStudioProjects\Pinapple_\.gradle\checksums)" [_thread_blocked, id=12688, stack(0x0000003fa2800000,0x0000003fa2900000)]
  0x000001fea181e800 JavaThread "Cache worker for cache directory md-supplier (C:\Users\mobile\.gradle\caches\7.0.2\md-supplier)" [_thread_blocked, id=2128, stack(0x0000003fa2900000,0x0000003fa2a00000)]
  0x000001fea1819800 JavaThread "Cache worker for cache directory md-rule (C:\Users\mobile\.gradle\caches\7.0.2\md-rule)" [_thread_blocked, id=12632, stack(0x0000003fa3300000,0x0000003fa3400000)]
  0x000001fea1820000 JavaThread "Cache worker for dependencies-accessors (C:\Users\mobile\AndroidStudioProjects\Pinapple_\.gradle\7.0.2\dependencies-accessors)" [_thread_blocked, id=5556, stack(0x0000003fa3e00000,0x0000003fa3f00000)]
  0x000001fea181d000 JavaThread "Cache worker for Build Output Cleanup Cache (C:\Users\mobile\AndroidStudioProjects\Pinapple_\.gradle\buildOutputCleanup)" [_thread_blocked, id=5932, stack(0x0000003fa3f00000,0x0000003fa4000000)]
  0x000001fea1821000 JavaThread "Build operations" [_thread_blocked, id=6220, stack(0x0000003fa4000000,0x0000003fa4100000)]
  0x000001fea10d3800 JavaThread "Build operations Thread 2" [_thread_blocked, id=9040, stack(0x0000003fa4200000,0x0000003fa4300000)]
  0x000001fea10d5000 JavaThread "Build operations Thread 3" [_thread_blocked, id=8556, stack(0x0000003fa4400000,0x0000003fa4500000)]
  0x000001fea10cf800 JavaThread "Build operations Thread 4" [_thread_blocked, id=14924, stack(0x0000003fa4500000,0x0000003fa4600000)]
  0x000001fea10db800 JavaThread "Build operations Thread 5" [_thread_blocked, id=11404, stack(0x0000003fa4600000,0x0000003fa4700000)]
  0x000001fea10d8800 JavaThread "Build operations Thread 6" [_thread_blocked, id=13696, stack(0x0000003fa4700000,0x0000003fa4800000)]
  0x000001fea10d6000 JavaThread "Build operations Thread 7" [_thread_blocked, id=1312, stack(0x0000003fa4800000,0x0000003fa4900000)]
  0x000001fea10d6800 JavaThread "Build operations Thread 8" [_thread_blocked, id=1756, stack(0x0000003fa4900000,0x0000003fa4a00000)]
=>0x000001fea10dc800 JavaThread "C2 CompilerThread2" daemon [_thread_in_native, id=976, stack(0x0000003fa4a00000,0x0000003fa4b00000)]
  0x000001fea10dd000 JavaThread "build event listener" [_thread_blocked, id=13436, stack(0x0000003fa4b00000,0x0000003fa4c00000)]
  0x000001fea0b41000 JavaThread "Execution worker for ':'" [_thread_blocked, id=10752, stack(0x0000003fa4c00000,0x0000003fa4d00000)]
  0x000001fea0b43000 JavaThread "Execution worker for ':' Thread 2" [_thread_blocked, id=2752, stack(0x0000003fa4d00000,0x0000003fa4e00000)]
  0x000001fea75d1800 JavaThread "Execution worker for ':' Thread 3" [_thread_blocked, id=3272, stack(0x0000003fa4f00000,0x0000003fa5000000)]
  0x000001fea75d0000 JavaThread "Execution worker for ':' Thread 4" [_thread_blocked, id=11372, stack(0x0000003fa5000000,0x0000003fa5100000)]
  0x000001fea75d2800 JavaThread "Execution worker for ':' Thread 5" [_thread_blocked, id=4156, stack(0x0000003fa5100000,0x0000003fa5200000)]
  0x000001fea75d3800 JavaThread "Execution worker for ':' Thread 6" [_thread_blocked, id=14912, stack(0x0000003fa5200000,0x0000003fa5300000)]
  0x000001fea75cd800 JavaThread "Execution worker for ':' Thread 7" [_thread_blocked, id=8532, stack(0x0000003fa5300000,0x0000003fa5400000)]
  0x000001fea75d4000 JavaThread "Cache worker for execution history cache (C:\Users\mobile\AndroidStudioProjects\Pinapple_\.gradle\7.0.2\executionHistory)" [_thread_blocked, id=10384, stack(0x0000003fa5400000,0x0000003fa5500000)]
  0x000001fea75d5000 JavaThread "WorkerExecutor Queue Thread 3" [_thread_in_native, id=9192, stack(0x0000003fa5a00000,0x0000003fa5b00000)]
  0x000001fea75d6000 JavaThread "WorkerExecutor Queue Thread 4" [_thread_blocked, id=7504, stack(0x0000003fa5b00000,0x0000003fa5c00000)]
  0x000001fea75d8000 JavaThread "WorkerExecutor Queue Thread 7" [_thread_blocked, id=5420, stack(0x0000003fa5e00000,0x0000003fa5f00000)]
  0x000001fea75d6800 JavaThread "pool-4-thread-1" [_thread_blocked, id=4624, stack(0x0000003fa6000000,0x0000003fa6100000)]
  0x000001fea75d9000 JavaThread "stderr" [_thread_in_native, id=10684, stack(0x0000003fa6100000,0x0000003fa6200000)]
  0x000001fea75da800 JavaThread "stdout" [_thread_in_native, id=8040, stack(0x0000003fa6200000,0x0000003fa6300000)]

Other Threads:
  0x000001fe9d60e000 VMThread "VM Thread" [stack: 0x0000003fa1200000,0x0000003fa1300000] [id=9660]
  0x000001fe9e141800 WatcherThread [stack: 0x0000003fa1c00000,0x0000003fa1d00000] [id=9404]
  0x000001fe831b5000 GCTaskThread "GC Thread#0" [stack: 0x0000003fa0d00000,0x0000003fa0e00000] [id=7040]
  0x000001fe9ecf4000 GCTaskThread "GC Thread#1" [stack: 0x0000003fa1f00000,0x0000003fa2000000] [id=14008]
  0x000001fe9ef88000 GCTaskThread "GC Thread#2" [stack: 0x0000003fa2000000,0x0000003fa2100000] [id=13432]
  0x000001fe9ef89800 GCTaskThread "GC Thread#3" [stack: 0x0000003fa2a00000,0x0000003fa2b00000] [id=14952]
  0x000001fe9ef88800 GCTaskThread "GC Thread#4" [stack: 0x0000003fa2b00000,0x0000003fa2c00000] [id=7852]
  0x000001fe9ef86000 GCTaskThread "GC Thread#5" [stack: 0x0000003fa2c00000,0x0000003fa2d00000] [id=864]
  0x000001fe9ef8a000 GCTaskThread "GC Thread#6" [stack: 0x0000003fa2d00000,0x0000003fa2e00000] [id=9988]
  0x000001fe9ef86800 GCTaskThread "GC Thread#7" [stack: 0x0000003fa2e00000,0x0000003fa2f00000] [id=8012]
  0x000001fe831e8000 ConcurrentGCThread "G1 Main Marker" [stack: 0x0000003fa0e00000,0x0000003fa0f00000] [id=3444]
  0x000001fe831e9000 ConcurrentGCThread "G1 Conc#0" [stack: 0x0000003fa0f00000,0x0000003fa1000000] [id=13080]
  0x000001fe9ef87000 ConcurrentGCThread "G1 Conc#1" [stack: 0x0000003fa3100000,0x0000003fa3200000] [id=2476]
  0x000001fe9d460800 ConcurrentGCThread "G1 Refine#0" [stack: 0x0000003fa1000000,0x0000003fa1100000] [id=6536]
  0x000001fea6c0f800 ConcurrentGCThread "G1 Refine#1" [stack: 0x0000003fa5500000,0x0000003fa5600000] [id=15004]
  0x000001fea6c0a800 ConcurrentGCThread "G1 Refine#2" [stack: 0x0000003fa5600000,0x0000003fa5700000] [id=7152]
  0x000001fea6c0b800 ConcurrentGCThread "G1 Refine#3" [stack: 0x0000003fa5700000,0x0000003fa5800000] [id=2576]
  0x000001fea6c12800 ConcurrentGCThread "G1 Refine#4" [stack: 0x0000003fa6b00000,0x0000003fa6c00000] [id=4692]
  0x000001fe9d461800 ConcurrentGCThread "G1 Young RemSet Sampling" [stack: 0x0000003fa1100000,0x0000003fa1200000] [id=7848]

Threads with active compile tasks:
C2 CompilerThread03544800 22861       4       com.android.ide.common.symbols.SymbolIo::readSymbolListWithPackageLine (225 bytes)
C2 CompilerThread13544800 22202       4       com.android.tools.r8.graph.E::a (275 bytes)
C2 CompilerThread23544800 21751       4       com.android.tools.r8.dex.j::e (654 bytes)

VM state:not at safepoint (normal execution)

VM Mutex/Monitor currently owned by a thread: None

Heap address: 0x0000000080000000, size: 2048 MB, Compressed Oops mode: 32-bit
Narrow klass base: 0x0000000000000000, Narrow klass shift: 3
Compressed class space size: 1073741824 Address: 0x0000000100000000

Heap:
 garbage-first heap   total 348160K, used 269217K [0x0000000080000000, 0x0000000100000000)
  region size 1024K, 63 young (64512K), 11 survivors (11264K)
 Metaspace       used 134435K, capacity 138004K, committed 138112K, reserved 1169408K
  class space    used 16919K, capacity 18325K, committed 18432K, reserved 1048576K
Heap Regions: E=young(eden), S=young(survivor), O=old, HS=humongous(starts), HC=humongous(continues), CS=collection set, F=free, A=archive, TAMS=top-at-mark-start (previous, next)
|   0|0x0000000080000000, 0x0000000080100000, 0x0000000080100000|100%| O|  |TAMS 0x0000000080100000, 0x0000000080000000| Untracked 
|   1|0x0000000080100000, 0x0000000080200000, 0x0000000080200000|100%| O|  |TAMS 0x0000000080200000, 0x0000000080100000| Untracked 
|   2|0x0000000080200000, 0x0000000080300000, 0x0000000080300000|100%| O|  |TAMS 0x0000000080300000, 0x0000000080200000| Untracked 
|   3|0x0000000080300000, 0x0000000080400000, 0x0000000080400000|100%|HS|  |TAMS 0x0000000080400000, 0x0000000080300000| Complete 
|   4|0x0000000080400000, 0x0000000080500000, 0x0000000080500000|100%|HC|  |TAMS 0x0000000080500000, 0x0000000080400000| Complete 
|   5|0x0000000080500000, 0x0000000080600000, 0x0000000080600000|100%|HC|  |TAMS 0x0000000080600000, 0x0000000080500000| Complete 
|   6|0x0000000080600000, 0x0000000080700000, 0x0000000080700000|100%| O|  |TAMS 0x0000000080700000, 0x0000000080600000| Untracked 
|   7|0x0000000080700000, 0x0000000080800000, 0x0000000080800000|100%| O|  |TAMS 0x0000000080800000, 0x0000000080700000| Untracked 
|   8|0x0000000080800000, 0x0000000080900000, 0x0000000080900000|100%| O|  |TAMS 0x0000000080900000, 0x0000000080800000| Untracked 
|   9|0x0000000080900000, 0x0000000080a00000, 0x0000000080a00000|100%| O|  |TAMS 0x0000000080a00000, 0x0000000080900000| Untracked 
|  10|0x0000000080a00000, 0x0000000080b00000, 0x0000000080b00000|100%| O|  |TAMS 0x0000000080b00000, 0x0000000080a00000| Untracked 
|  11|0x0000000080b00000, 0x0000000080c00000, 0x0000000080c00000|100%| O|  |TAMS 0x0000000080c00000, 0x0000000080b00000| Untracked 
|  12|0x0000000080c00000, 0x0000000080d00000, 0x0000000080d00000|100%| O|  |TAMS 0x0000000080c00000, 0x0000000080c00000| Untracked 
|  13|0x0000000080d00000, 0x0000000080e00000, 0x0000000080e00000|100%| O|  |TAMS 0x0000000080e00000, 0x0000000080d00000| Untracked 
|  14|0x0000000080e00000, 0x0000000080f00000, 0x0000000080f00000|100%| O|  |TAMS 0x0000000080f00000, 0x0000000080e00000| Untracked 
|  15|0x0000000080f00000, 0x0000000081000000, 0x0000000081000000|100%| O|  |TAMS 0x0000000081000000, 0x0000000080f00000| Untracked 
|  16|0x0000000081000000, 0x0000000081100000, 0x0000000081100000|100%| O|  |TAMS 0x0000000081100000, 0x0000000081000000| Untracked 
|  17|0x0000000081100000, 0x0000000081200000, 0x0000000081200000|100%|HS|  |TAMS 0x0000000081200000, 0x0000000081100000| Complete 
|  18|0x0000000081200000, 0x0000000081300000, 0x0000000081300000|100%|HC|  |TAMS 0x0000000081300000, 0x0000000081200000| Complete 
|  19|0x0000000081300000, 0x0000000081400000, 0x0000000081400000|100%|HS|  |TAMS 0x0000000081400000, 0x0000000081300000| Complete 
|  20|0x0000000081400000, 0x0000000081500000, 0x0000000081500000|100%|HC|  |TAMS 0x0000000081500000, 0x0000000081400000| Complete 
|  21|0x0000000081500000, 0x0000000081600000, 0x0000000081600000|100%|HC|  |TAMS 0x0000000081600000, 0x0000000081500000| Complete 
|  22|0x0000000081600000, 0x0000000081700000, 0x0000000081700000|100%|HS|  |TAMS 0x0000000081700000, 0x0000000081600000| Complete 
|  23|0x0000000081700000, 0x0000000081800000, 0x0000000081800000|100%|HC|  |TAMS 0x0000000081800000, 0x0000000081700000| Complete 
|  24|0x0000000081800000, 0x0000000081900000, 0x0000000081900000|100%|HC|  |TAMS 0x0000000081900000, 0x0000000081800000| Complete 
|  25|0x0000000081900000, 0x0000000081a00000, 0x0000000081a00000|100%|HC|  |TAMS 0x0000000081a00000, 0x0000000081900000| Complete 
|  26|0x0000000081a00000, 0x0000000081b00000, 0x0000000081b00000|100%|HC|  |TAMS 0x0000000081b00000, 0x0000000081a00000| Complete 
|  27|0x0000000081b00000, 0x0000000081c00000, 0x0000000081c00000|100%| O|  |TAMS 0x0000000081c00000, 0x0000000081b00000| Untracked 
|  28|0x0000000081c00000, 0x0000000081d00000, 0x0000000081d00000|100%| O|  |TAMS 0x0000000081d00000, 0x0000000081c00000| Untracked 
|  29|0x0000000081d00000, 0x0000000081e00000, 0x0000000081e00000|100%| O|  |TAMS 0x0000000081e00000, 0x0000000081d00000| Untracked 
|  30|0x0000000081e00000, 0x0000000081f00000, 0x0000000081f00000|100%| O|  |TAMS 0x0000000081f00000, 0x0000000081e00000| Untracked 
|  31|0x0000000081f00000, 0x0000000082000000, 0x0000000082000000|100%| O|  |TAMS 0x0000000082000000, 0x0000000081f00000| Untracked 
|  32|0x0000000082000000, 0x0000000082100000, 0x0000000082100000|100%| O|  |TAMS 0x0000000082100000, 0x0000000082000000| Untracked 
|  33|0x0000000082100000, 0x0000000082200000, 0x0000000082200000|100%| O|  |TAMS 0x0000000082200000, 0x0000000082100000| Untracked 
|  34|0x0000000082200000, 0x0000000082300000, 0x0000000082300000|100%| O|  |TAMS 0x0000000082200000, 0x0000000082200000| Untracked 
|  35|0x0000000082300000, 0x0000000082400000, 0x0000000082400000|100%|HS|  |TAMS 0x0000000082400000, 0x0000000082300000| Complete 
|  36|0x0000000082400000, 0x0000000082500000, 0x0000000082500000|100%|HC|  |TAMS 0x0000000082500000, 0x0000000082400000| Complete 
|  37|0x0000000082500000, 0x0000000082600000, 0x0000000082600000|100%|HC|  |TAMS 0x0000000082600000, 0x0000000082500000| Complete 
|  38|0x0000000082600000, 0x0000000082700000, 0x0000000082700000|100%|HC|  |TAMS 0x0000000082700000, 0x0000000082600000| Complete 
|  39|0x0000000082700000, 0x0000000082800000, 0x0000000082800000|100%|HC|  |TAMS 0x0000000082800000, 0x0000000082700000| Complete 
|  40|0x0000000082800000, 0x0000000082900000, 0x0000000082900000|100%|HS|  |TAMS 0x0000000082900000, 0x0000000082800000| Complete 
|  41|0x0000000082900000, 0x0000000082a00000, 0x0000000082a00000|100%|HC|  |TAMS 0x0000000082a00000, 0x0000000082900000| Complete 
|  42|0x0000000082a00000, 0x0000000082b00000, 0x0000000082b00000|100%|HC|  |TAMS 0x0000000082b00000, 0x0000000082a00000| Complete 
|  43|0x0000000082b00000, 0x0000000082c00000, 0x0000000082c00000|100%| O|  |TAMS 0x0000000082c00000, 0x0000000082b00000| Untracked 
|  44|0x0000000082c00000, 0x0000000082d00000, 0x0000000082d00000|100%| O|  |TAMS 0x0000000082d00000, 0x0000000082c00000| Untracked 
|  45|0x0000000082d00000, 0x0000000082e00000, 0x0000000082e00000|100%| O|  |TAMS 0x0000000082e00000, 0x0000000082d00000| Untracked 
|  46|0x0000000082e00000, 0x0000000082f00000, 0x0000000082f00000|100%| O|  |TAMS 0x0000000082f00000, 0x0000000082e00000| Untracked 
|  47|0x0000000082f00000, 0x0000000083000000, 0x0000000083000000|100%| O|  |TAMS 0x0000000082f00000, 0x0000000082f00000| Untracked 
|  48|0x0000000083000000, 0x0000000083100000, 0x0000000083100000|100%| O|  |TAMS 0x0000000083000000, 0x0000000083000000| Untracked 
|  49|0x0000000083100000, 0x0000000083200000, 0x0000000083200000|100%| O|  |TAMS 0x0000000083200000, 0x0000000083100000| Untracked 
|  50|0x0000000083200000, 0x0000000083300000, 0x0000000083300000|100%| O|  |TAMS 0x0000000083300000, 0x0000000083200000| Untracked 
|  51|0x0000000083300000, 0x0000000083400000, 0x0000000083400000|100%| O|  |TAMS 0x0000000083400000, 0x0000000083300000| Untracked 
|  52|0x0000000083400000, 0x0000000083500000, 0x0000000083500000|100%| O|  |TAMS 0x0000000083500000, 0x0000000083400000| Untracked 
|  53|0x0000000083500000, 0x0000000083600000, 0x0000000083600000|100%| O|  |TAMS 0x0000000083600000, 0x0000000083500000| Untracked 
|  54|0x0000000083600000, 0x0000000083700000, 0x0000000083700000|100%| O|  |TAMS 0x0000000083700000, 0x0000000083600000| Untracked 
|  55|0x0000000083700000, 0x0000000083800000, 0x0000000083800000|100%|HS|  |TAMS 0x0000000083800000, 0x0000000083700000| Complete 
|  56|0x0000000083800000, 0x0000000083900000, 0x0000000083900000|100%|HS|  |TAMS 0x0000000083900000, 0x0000000083800000| Complete 
|  57|0x0000000083900000, 0x0000000083a00000, 0x0000000083a00000|100%|HS|  |TAMS 0x0000000083a00000, 0x0000000083900000| Complete 
|  58|0x0000000083a00000, 0x0000000083b00000, 0x0000000083b00000|100%|HC|  |TAMS 0x0000000083b00000, 0x0000000083a00000| Complete 
|  59|0x0000000083b00000, 0x0000000083c00000, 0x0000000083c00000|100%| O|  |TAMS 0x0000000083c00000, 0x0000000083b00000| Untracked 
|  60|0x0000000083c00000, 0x0000000083d00000, 0x0000000083d00000|100%| O|  |TAMS 0x0000000083c00000, 0x0000000083c00000| Untracked 
|  61|0x0000000083d00000, 0x0000000083e00000, 0x0000000083e00000|100%| O|  |TAMS 0x0000000083e00000, 0x0000000083d00000| Untracked 
|  62|0x0000000083e00000, 0x0000000083f00000, 0x0000000083f00000|100%| O|  |TAMS 0x0000000083f00000, 0x0000000083e00000| Untracked 
|  63|0x0000000083f00000, 0x0000000084000000, 0x0000000084000000|100%| O|  |TAMS 0x0000000084000000, 0x0000000083f00000| Untracked 
|  64|0x0000000084000000, 0x0000000084100000, 0x0000000084100000|100%| O|  |TAMS 0x0000000084100000, 0x0000000084000000| Untracked 
|  65|0x0000000084100000, 0x0000000084200000, 0x0000000084200000|100%| O|  |TAMS 0x0000000084200000, 0x0000000084100000| Untracked 
|  66|0x0000000084200000, 0x0000000084300000, 0x0000000084300000|100%| O|  |TAMS 0x0000000084300000, 0x0000000084200000| Untracked 
|  67|0x0000000084300000, 0x0000000084400000, 0x0000000084400000|100%| O|  |TAMS 0x0000000084400000, 0x0000000084300000| Untracked 
|  68|0x0000000084400000, 0x0000000084500000, 0x0000000084500000|100%| O|  |TAMS 0x0000000084400000, 0x0000000084400000| Untracked 
|  69|0x0000000084500000, 0x0000000084600000, 0x0000000084600000|100%| O|  |TAMS 0x0000000084600000, 0x0000000084500000| Untracked 
|  70|0x0000000084600000, 0x0000000084700000, 0x0000000084700000|100%| O|  |TAMS 0x0000000084700000, 0x0000000084600000| Untracked 
|  71|0x0000000084700000, 0x0000000084800000, 0x0000000084800000|100%| O|  |TAMS 0x0000000084800000, 0x0000000084700000| Untracked 
|  72|0x0000000084800000, 0x0000000084900000, 0x0000000084900000|100%| O|  |TAMS 0x0000000084900000, 0x0000000084800000| Untracked 
|  73|0x0000000084900000, 0x0000000084a00000, 0x0000000084a00000|100%| O|  |TAMS 0x0000000084900000, 0x0000000084900000| Untracked 
|  74|0x0000000084a00000, 0x0000000084b00000, 0x0000000084b00000|100%| O|  |TAMS 0x0000000084b00000, 0x0000000084a00000| Untracked 
|  75|0x0000000084b00000, 0x0000000084c00000, 0x0000000084c00000|100%| O|  |TAMS 0x0000000084b00000, 0x0000000084b00000| Untracked 
|  76|0x0000000084c00000, 0x0000000084d00000, 0x0000000084d00000|100%| O|  |TAMS 0x0000000084d00000, 0x0000000084c00000| Untracked 
|  77|0x0000000084d00000, 0x0000000084e00000, 0x0000000084e00000|100%| O|  |TAMS 0x0000000084e00000, 0x0000000084d00000| Untracked 
|  78|0x0000000084e00000, 0x0000000084f00000, 0x0000000084f00000|100%| O|  |TAMS 0x0000000084e00000, 0x0000000084e00000| Untracked 
|  79|0x0000000084f00000, 0x0000000085000000, 0x0000000085000000|100%| O|  |TAMS 0x0000000084f00000, 0x0000000084f00000| Untracked 
|  80|0x0000000085000000, 0x0000000085100000, 0x0000000085100000|100%| O|  |TAMS 0x0000000085100000, 0x0000000085000000| Untracked 
|  81|0x0000000085100000, 0x0000000085200000, 0x0000000085200000|100%| O|  |TAMS 0x0000000085200000, 0x0000000085100000| Untracked 
|  82|0x0000000085200000, 0x0000000085300000, 0x0000000085300000|100%| O|  |TAMS 0x0000000085300000, 0x0000000085200000| Untracked 
|  83|0x0000000085300000, 0x0000000085400000, 0x0000000085400000|100%| O|  |TAMS 0x0000000085400000, 0x0000000085300000| Untracked 
|  84|0x0000000085400000, 0x0000000085500000, 0x0000000085500000|100%| O|  |TAMS 0x00000000854d0400, 0x0000000085400000| Untracked 
|  85|0x0000000085500000, 0x0000000085600000, 0x0000000085600000|100%| O|  |TAMS 0x0000000085600000, 0x0000000085500000| Untracked 
|  86|0x0000000085600000, 0x0000000085700000, 0x0000000085700000|100%| O|  |TAMS 0x0000000085700000, 0x0000000085600000| Untracked 
|  87|0x0000000085700000, 0x0000000085800000, 0x0000000085800000|100%| O|  |TAMS 0x0000000085700000, 0x0000000085700000| Untracked 
|  88|0x0000000085800000, 0x0000000085900000, 0x0000000085900000|100%| O|  |TAMS 0x0000000085800000, 0x0000000085800000| Untracked 
|  89|0x0000000085900000, 0x0000000085a00000, 0x0000000085a00000|100%| O|  |TAMS 0x0000000085900000, 0x0000000085900000| Untracked 
|  90|0x0000000085a00000, 0x0000000085b00000, 0x0000000085b00000|100%| O|  |TAMS 0x0000000085b00000, 0x0000000085a00000| Untracked 
|  91|0x0000000085b00000, 0x0000000085c00000, 0x0000000085c00000|100%| O|  |TAMS 0x0000000085b00000, 0x0000000085b00000| Untracked 
|  92|0x0000000085c00000, 0x0000000085d00000, 0x0000000085d00000|100%| O|  |TAMS 0x0000000085d00000, 0x0000000085c00000| Untracked 
|  93|0x0000000085d00000, 0x0000000085e00000, 0x0000000085e00000|100%| O|  |TAMS 0x0000000085e00000, 0x0000000085d00000| Untracked 
|  94|0x0000000085e00000, 0x0000000085f00000, 0x0000000085f00000|100%| O|  |TAMS 0x0000000085f00000, 0x0000000085e00000| Untracked 
|  95|0x0000000085f00000, 0x0000000086000000, 0x0000000086000000|100%| O|  |TAMS 0x0000000086000000, 0x0000000085f00000| Untracked 
|  96|0x0000000086000000, 0x0000000086100000, 0x0000000086100000|100%| O|  |TAMS 0x0000000086100000, 0x0000000086000000| Untracked 
|  97|0x0000000086100000, 0x0000000086200000, 0x0000000086200000|100%| O|  |TAMS 0x0000000086200000, 0x0000000086100000| Untracked 
|  98|0x0000000086200000, 0x0000000086300000, 0x0000000086300000|100%| O|  |TAMS 0x0000000086200000, 0x0000000086200000| Untracked 
|  99|0x0000000086300000, 0x0000000086400000, 0x0000000086400000|100%| O|  |TAMS 0x0000000086300000, 0x0000000086300000| Untracked 
| 100|0x0000000086400000, 0x0000000086500000, 0x0000000086500000|100%| O|  |TAMS 0x0000000086400000, 0x0000000086400000| Untracked 
| 101|0x0000000086500000, 0x0000000086600000, 0x0000000086600000|100%|HS|  |TAMS 0x0000000086500000, 0x0000000086500000| Complete 
| 102|0x0000000086600000, 0x0000000086700000, 0x0000000086700000|100%| O|  |TAMS 0x0000000086600000, 0x0000000086600000| Untracked 
| 103|0x0000000086700000, 0x0000000086800000, 0x0000000086800000|100%| O|  |TAMS 0x0000000086700000, 0x0000000086700000| Untracked 
| 104|0x0000000086800000, 0x0000000086900000, 0x0000000086900000|100%| O|  |TAMS 0x0000000086900000, 0x0000000086800000| Untracked 
| 105|0x0000000086900000, 0x0000000086a00000, 0x0000000086a00000|100%| O|  |TAMS 0x0000000086900000, 0x0000000086900000| Untracked 
| 106|0x0000000086a00000, 0x0000000086b00000, 0x0000000086b00000|100%| O|  |TAMS 0x0000000086a00000, 0x0000000086a00000| Untracked 
| 107|0x0000000086b00000, 0x0000000086c00000, 0x0000000086c00000|100%| O|  |TAMS 0x0000000086b00000, 0x0000000086b00000| Untracked 
| 108|0x0000000086c00000, 0x0000000086d00000, 0x0000000086d00000|100%| O|  |TAMS 0x0000000086c00000, 0x0000000086c00000| Untracked 
| 109|0x0000000086d00000, 0x0000000086e00000, 0x0000000086e00000|100%| O|  |TAMS 0x0000000086d00000, 0x0000000086d00000| Untracked 
| 110|0x0000000086e00000, 0x0000000086f00000, 0x0000000086f00000|100%| O|  |TAMS 0x0000000086f00000, 0x0000000086e00000| Untracked 
| 111|0x0000000086f00000, 0x0000000087000000, 0x0000000087000000|100%| O|  |TAMS 0x0000000087000000, 0x0000000086f00000| Untracked 
| 112|0x0000000087000000, 0x0000000087100000, 0x0000000087100000|100%| O|  |TAMS 0x0000000087100000, 0x0000000087000000| Untracked 
| 113|0x0000000087100000, 0x0000000087200000, 0x0000000087200000|100%|HS|  |TAMS 0x0000000087100000, 0x0000000087100000| Complete 
| 114|0x0000000087200000, 0x0000000087300000, 0x0000000087300000|100%|HC|  |TAMS 0x0000000087200000, 0x0000000087200000| Complete 
| 115|0x0000000087300000, 0x0000000087400000, 0x0000000087400000|100%|HS|  |TAMS 0x0000000087300000, 0x0000000087300000| Complete 
| 116|0x0000000087400000, 0x0000000087500000, 0x0000000087500000|100%|HS|  |TAMS 0x0000000087400000, 0x0000000087400000| Complete 
| 117|0x0000000087500000, 0x0000000087600000, 0x0000000087600000|100%| O|  |TAMS 0x0000000087500000, 0x0000000087500000| Untracked 
| 118|0x0000000087600000, 0x0000000087700000, 0x0000000087700000|100%| O|  |TAMS 0x0000000087600000, 0x0000000087600000| Untracked 
| 119|0x0000000087700000, 0x0000000087800000, 0x0000000087800000|100%|HS|  |TAMS 0x0000000087700000, 0x0000000087700000| Complete 
| 120|0x0000000087800000, 0x0000000087900000, 0x0000000087900000|100%|HS|  |TAMS 0x0000000087800000, 0x0000000087800000| Complete 
| 121|0x0000000087900000, 0x0000000087a00000, 0x0000000087a00000|100%| O|  |TAMS 0x0000000087900000, 0x0000000087900000| Untracked 
| 122|0x0000000087a00000, 0x0000000087b00000, 0x0000000087b00000|100%|HS|  |TAMS 0x0000000087a00000, 0x0000000087a00000| Complete 
| 123|0x0000000087b00000, 0x0000000087c00000, 0x0000000087c00000|100%| O|  |TAMS 0x0000000087b00000, 0x0000000087b00000| Untracked 
| 124|0x0000000087c00000, 0x0000000087d00000, 0x0000000087d00000|100%| O|  |TAMS 0x0000000087c00000, 0x0000000087c00000| Untracked 
| 125|0x0000000087d00000, 0x0000000087e00000, 0x0000000087e00000|100%| O|  |TAMS 0x0000000087d00000, 0x0000000087d00000| Untracked 
| 126|0x0000000087e00000, 0x0000000087f00000, 0x0000000087f00000|100%| O|  |TAMS 0x0000000087e00000, 0x0000000087e00000| Untracked 
| 127|0x0000000087f00000, 0x0000000088000000, 0x0000000088000000|100%| O|  |TAMS 0x0000000087f00000, 0x0000000087f00000| Untracked 
| 128|0x0000000088000000, 0x0000000088100000, 0x0000000088100000|100%| O|  |TAMS 0x0000000088000000, 0x0000000088000000| Untracked 
| 129|0x0000000088100000, 0x0000000088200000, 0x0000000088200000|100%| O|  |TAMS 0x0000000088100000, 0x0000000088100000| Untracked 
| 130|0x0000000088200000, 0x0000000088300000, 0x0000000088300000|100%| O|  |TAMS 0x0000000088200000, 0x0000000088200000| Untracked 
| 131|0x0000000088300000, 0x0000000088400000, 0x0000000088400000|100%| O|  |TAMS 0x0000000088300000, 0x0000000088300000| Untracked 
| 132|0x0000000088400000, 0x0000000088500000, 0x0000000088500000|100%| O|  |TAMS 0x0000000088400000, 0x0000000088400000| Untracked 
| 133|0x0000000088500000, 0x0000000088600000, 0x0000000088600000|100%| O|  |TAMS 0x0000000088500000, 0x0000000088500000| Untracked 
| 134|0x0000000088600000, 0x0000000088700000, 0x0000000088700000|100%| O|  |TAMS 0x0000000088600000, 0x0000000088600000| Untracked 
| 135|0x0000000088700000, 0x0000000088800000, 0x0000000088800000|100%| O|  |TAMS 0x0000000088700000, 0x0000000088700000| Untracked 
| 136|0x0000000088800000, 0x0000000088900000, 0x0000000088900000|100%| O|  |TAMS 0x0000000088800000, 0x0000000088800000| Untracked 
| 137|0x0000000088900000, 0x0000000088a00000, 0x0000000088a00000|100%| O|  |TAMS 0x0000000088900000, 0x0000000088900000| Untracked 
| 138|0x0000000088a00000, 0x0000000088b00000, 0x0000000088b00000|100%| O|  |TAMS 0x0000000088a00000, 0x0000000088a00000| Untracked 
| 139|0x0000000088b00000, 0x0000000088c00000, 0x0000000088c00000|100%| O|  |TAMS 0x0000000088b00000, 0x0000000088b00000| Untracked 
| 140|0x0000000088c00000, 0x0000000088d00000, 0x0000000088d00000|100%| O|  |TAMS 0x0000000088c00000, 0x0000000088c00000| Untracked 
| 141|0x0000000088d00000, 0x0000000088e00000, 0x0000000088e00000|100%| O|  |TAMS 0x0000000088d00000, 0x0000000088d00000| Untracked 
| 142|0x0000000088e00000, 0x0000000088f00000, 0x0000000088f00000|100%| O|  |TAMS 0x0000000088e00000, 0x0000000088e00000| Untracked 
| 143|0x0000000088f00000, 0x0000000089000000, 0x0000000089000000|100%| O|  |TAMS 0x0000000088f00000, 0x0000000088f00000| Untracked 
| 144|0x0000000089000000, 0x0000000089100000, 0x0000000089100000|100%| O|  |TAMS 0x0000000089000000, 0x0000000089000000| Untracked 
| 145|0x0000000089100000, 0x0000000089200000, 0x0000000089200000|100%| O|  |TAMS 0x0000000089100000, 0x0000000089100000| Untracked 
| 146|0x0000000089200000, 0x0000000089300000, 0x0000000089300000|100%| O|  |TAMS 0x0000000089200000, 0x0000000089200000| Untracked 
| 147|0x0000000089300000, 0x0000000089400000, 0x0000000089400000|100%| O|  |TAMS 0x0000000089400000, 0x0000000089300000| Untracked 
| 148|0x0000000089400000, 0x0000000089500000, 0x0000000089500000|100%| O|  |TAMS 0x0000000089500000, 0x0000000089400000| Untracked 
| 149|0x0000000089500000, 0x0000000089600000, 0x0000000089600000|100%| O|  |TAMS 0x0000000089500000, 0x0000000089500000| Untracked 
| 150|0x0000000089600000, 0x0000000089700000, 0x0000000089700000|100%| O|  |TAMS 0x0000000089700000, 0x0000000089600000| Untracked 
| 151|0x0000000089700000, 0x0000000089800000, 0x0000000089800000|100%| O|  |TAMS 0x0000000089700000, 0x0000000089700000| Untracked 
| 152|0x0000000089800000, 0x0000000089900000, 0x0000000089900000|100%| O|  |TAMS 0x0000000089900000, 0x0000000089800000| Untracked 
| 153|0x0000000089900000, 0x0000000089a00000, 0x0000000089a00000|100%| O|  |TAMS 0x0000000089a00000, 0x0000000089900000| Untracked 
| 154|0x0000000089a00000, 0x0000000089b00000, 0x0000000089b00000|100%| O|  |TAMS 0x0000000089b00000, 0x0000000089a00000| Untracked 
| 155|0x0000000089b00000, 0x0000000089c00000, 0x0000000089c00000|100%| O|  |TAMS 0x0000000089c00000, 0x0000000089b00000| Untracked 
| 156|0x0000000089c00000, 0x0000000089d00000, 0x0000000089d00000|100%| O|  |TAMS 0x0000000089d00000, 0x0000000089c00000| Untracked 
| 157|0x0000000089d00000, 0x0000000089e00000, 0x0000000089e00000|100%| O|  |TAMS 0x0000000089d00000, 0x0000000089d00000| Untracked 
| 158|0x0000000089e00000, 0x0000000089f00000, 0x0000000089f00000|100%|HS|  |TAMS 0x0000000089e00000, 0x0000000089e00000| Complete 
| 159|0x0000000089f00000, 0x000000008a000000, 0x000000008a000000|100%|HC|  |TAMS 0x0000000089f00000, 0x0000000089f00000| Complete 
| 160|0x000000008a000000, 0x000000008a100000, 0x000000008a100000|100%| O|  |TAMS 0x000000008a000000, 0x000000008a000000| Untracked 
| 161|0x000000008a100000, 0x000000008a200000, 0x000000008a200000|100%| O|  |TAMS 0x000000008a100000, 0x000000008a100000| Untracked 
| 162|0x000000008a200000, 0x000000008a300000, 0x000000008a300000|100%| O|  |TAMS 0x000000008a200000, 0x000000008a200000| Untracked 
| 163|0x000000008a300000, 0x000000008a400000, 0x000000008a400000|100%| O|  |TAMS 0x000000008a300000, 0x000000008a300000| Untracked 
| 164|0x000000008a400000, 0x000000008a500000, 0x000000008a500000|100%| O|  |TAMS 0x000000008a400000, 0x000000008a400000| Untracked 
| 165|0x000000008a500000, 0x000000008a600000, 0x000000008a600000|100%| O|  |TAMS 0x000000008a500000, 0x000000008a500000| Untracked 
| 166|0x000000008a600000, 0x000000008a700000, 0x000000008a700000|100%| O|  |TAMS 0x000000008a600000, 0x000000008a600000| Untracked 
| 167|0x000000008a700000, 0x000000008a800000, 0x000000008a800000|100%| O|  |TAMS 0x000000008a700000, 0x000000008a700000| Untracked 
| 168|0x000000008a800000, 0x000000008a900000, 0x000000008a900000|100%| O|  |TAMS 0x000000008a800000, 0x000000008a800000| Untracked 
| 169|0x000000008a900000, 0x000000008aa00000, 0x000000008aa00000|100%| O|  |TAMS 0x000000008a900000, 0x000000008a900000| Untracked 
| 170|0x000000008aa00000, 0x000000008ab00000, 0x000000008ab00000|100%| O|  |TAMS 0x000000008aa00000, 0x000000008aa00000| Untracked 
| 171|0x000000008ab00000, 0x000000008ac00000, 0x000000008ac00000|100%| O|  |TAMS 0x000000008ab00000, 0x000000008ab00000| Untracked 
| 172|0x000000008ac00000, 0x000000008ad00000, 0x000000008ad00000|100%| O|  |TAMS 0x000000008ac00000, 0x000000008ac00000| Untracked 
| 173|0x000000008ad00000, 0x000000008ae00000, 0x000000008ae00000|100%| O|  |TAMS 0x000000008ad00000, 0x000000008ad00000| Untracked 
| 174|0x000000008ae00000, 0x000000008af00000, 0x000000008af00000|100%| O|  |TAMS 0x000000008ae00000, 0x000000008ae00000| Untracked 
| 175|0x000000008af00000, 0x000000008b000000, 0x000000008b000000|100%| O|  |TAMS 0x000000008af00000, 0x000000008af00000| Untracked 
| 176|0x000000008b000000, 0x000000008b100000, 0x000000008b100000|100%| O|  |TAMS 0x000000008b000000, 0x000000008b000000| Untracked 
| 177|0x000000008b100000, 0x000000008b200000, 0x000000008b200000|100%| O|  |TAMS 0x000000008b100000, 0x000000008b100000| Untracked 
| 178|0x000000008b200000, 0x000000008b300000, 0x000000008b300000|100%| O|  |TAMS 0x000000008b200000, 0x000000008b200000| Untracked 
| 179|0x000000008b300000, 0x000000008b400000, 0x000000008b400000|100%| O|  |TAMS 0x000000008b300000, 0x000000008b300000| Untracked 
| 180|0x000000008b400000, 0x000000008b500000, 0x000000008b500000|100%| O|  |TAMS 0x000000008b400000, 0x000000008b400000| Untracked 
| 181|0x000000008b500000, 0x000000008b600000, 0x000000008b600000|100%|HS|  |TAMS 0x000000008b500000, 0x000000008b500000| Complete 
| 182|0x000000008b600000, 0x000000008b700000, 0x000000008b700000|100%|HS|  |TAMS 0x000000008b600000, 0x000000008b600000| Complete 
| 183|0x000000008b700000, 0x000000008b800000, 0x000000008b800000|100%|HS|  |TAMS 0x000000008b700000, 0x000000008b700000| Complete 
| 184|0x000000008b800000, 0x000000008b900000, 0x000000008b900000|100%|HS|  |TAMS 0x000000008b800000, 0x000000008b800000| Complete 
| 185|0x000000008b900000, 0x000000008ba00000, 0x000000008ba00000|100%|HS|  |TAMS 0x000000008b900000, 0x000000008b900000| Complete 
| 186|0x000000008ba00000, 0x000000008bb00000, 0x000000008bb00000|100%|HS|  |TAMS 0x000000008ba00000, 0x000000008ba00000| Complete 
| 187|0x000000008bb00000, 0x000000008bc00000, 0x000000008bc00000|100%|HC|  |TAMS 0x000000008bb00000, 0x000000008bb00000| Complete 
| 188|0x000000008bc00000, 0x000000008bd00000, 0x000000008bd00000|100%|HC|  |TAMS 0x000000008bc00000, 0x000000008bc00000| Complete 
| 189|0x000000008bd00000, 0x000000008be00000, 0x000000008be00000|100%|HC|  |TAMS 0x000000008bd00000, 0x000000008bd00000| Complete 
| 190|0x000000008be00000, 0x000000008bf00000, 0x000000008bf00000|100%|HC|  |TAMS 0x000000008be00000, 0x000000008be00000| Complete 
| 191|0x000000008bf00000, 0x000000008c000000, 0x000000008c000000|100%|HC|  |TAMS 0x000000008bf00000, 0x000000008bf00000| Complete 
| 192|0x000000008c000000, 0x000000008c100000, 0x000000008c100000|100%|HC|  |TAMS 0x000000008c000000, 0x000000008c000000| Complete 
| 193|0x000000008c100000, 0x000000008c200000, 0x000000008c200000|100%| O|  |TAMS 0x000000008c100000, 0x000000008c100000| Untracked 
| 194|0x000000008c200000, 0x000000008c300000, 0x000000008c300000|100%| O|  |TAMS 0x000000008c200000, 0x000000008c200000| Untracked 
| 195|0x000000008c300000, 0x000000008c400000, 0x000000008c400000|100%| O|  |TAMS 0x000000008c300000, 0x000000008c300000| Untracked 
| 196|0x000000008c400000, 0x000000008c500000, 0x000000008c500000|100%| O|  |TAMS 0x000000008c400000, 0x000000008c400000| Untracked 
| 197|0x000000008c500000, 0x000000008c600000, 0x000000008c600000|100%| O|  |TAMS 0x000000008c500000, 0x000000008c500000| Untracked 
| 198|0x000000008c600000, 0x000000008c700000, 0x000000008c700000|100%| O|  |TAMS 0x000000008c600000, 0x000000008c600000| Untracked 
| 199|0x000000008c700000, 0x000000008c7e8600, 0x000000008c800000| 90%| O|  |TAMS 0x000000008c700000, 0x000000008c700000| Untracked 
| 200|0x000000008c800000, 0x000000008c800000, 0x000000008c900000|  0%| F|  |TAMS 0x000000008c800000, 0x000000008c800000| Untracked 
| 201|0x000000008c900000, 0x000000008c900000, 0x000000008ca00000|  0%| F|  |TAMS 0x000000008c900000, 0x000000008c900000| Untracked 
| 202|0x000000008ca00000, 0x000000008ca00000, 0x000000008cb00000|  0%| F|  |TAMS 0x000000008ca00000, 0x000000008ca00000| Untracked 
| 203|0x000000008cb00000, 0x000000008cb00000, 0x000000008cc00000|  0%| F|  |TAMS 0x000000008cb00000, 0x000000008cb00000| Untracked 
| 204|0x000000008cc00000, 0x000000008cc00000, 0x000000008cd00000|  0%| F|  |TAMS 0x000000008cc00000, 0x000000008cc00000| Untracked 
| 205|0x000000008cd00000, 0x000000008cd00000, 0x000000008ce00000|  0%| F|  |TAMS 0x000000008cd00000, 0x000000008cd00000| Untracked 
| 206|0x000000008ce00000, 0x000000008ce00000, 0x000000008cf00000|  0%| F|  |TAMS 0x000000008ce00000, 0x000000008ce00000| Untracked 
| 207|0x000000008cf00000, 0x000000008cf00000, 0x000000008d000000|  0%| F|  |TAMS 0x000000008cf00000, 0x000000008cf00000| Untracked 
| 208|0x000000008d000000, 0x000000008d000000, 0x000000008d100000|  0%| F|  |TAMS 0x000000008d000000, 0x000000008d000000| Untracked 
| 209|0x000000008d100000, 0x000000008d100000, 0x000000008d200000|  0%| F|  |TAMS 0x000000008d100000, 0x000000008d100000| Untracked 
| 210|0x000000008d200000, 0x000000008d200000, 0x000000008d300000|  0%| F|  |TAMS 0x000000008d200000, 0x000000008d200000| Untracked 
| 211|0x000000008d300000, 0x000000008d300000, 0x000000008d400000|  0%| F|  |TAMS 0x000000008d300000, 0x000000008d300000| Untracked 
| 212|0x000000008d400000, 0x000000008d400000, 0x000000008d500000|  0%| F|  |TAMS 0x000000008d400000, 0x000000008d400000| Untracked 
| 213|0x000000008d500000, 0x000000008d500000, 0x000000008d600000|  0%| F|  |TAMS 0x000000008d500000, 0x000000008d500000| Untracked 
| 214|0x000000008d600000, 0x000000008d600000, 0x000000008d700000|  0%| F|  |TAMS 0x000000008d600000, 0x000000008d600000| Untracked 
| 215|0x000000008d700000, 0x000000008d700000, 0x000000008d800000|  0%| F|  |TAMS 0x000000008d700000, 0x000000008d700000| Untracked 
| 216|0x000000008d800000, 0x000000008d800000, 0x000000008d900000|  0%| F|  |TAMS 0x000000008d800000, 0x000000008d800000| Untracked 
| 217|0x000000008d900000, 0x000000008d900000, 0x000000008da00000|  0%| F|  |TAMS 0x000000008d900000, 0x000000008d900000| Untracked 
| 218|0x000000008da00000, 0x000000008da00000, 0x000000008db00000|  0%| F|  |TAMS 0x000000008da00000, 0x000000008da00000| Untracked 
| 219|0x000000008db00000, 0x000000008db00000, 0x000000008dc00000|  0%| F|  |TAMS 0x000000008db00000, 0x000000008db00000| Untracked 
| 220|0x000000008dc00000, 0x000000008dc00000, 0x000000008dd00000|  0%| F|  |TAMS 0x000000008dc00000, 0x000000008dc00000| Untracked 
| 221|0x000000008dd00000, 0x000000008de00000, 0x000000008de00000|100%| O|  |TAMS 0x000000008de00000, 0x000000008dd00000| Untracked 
| 222|0x000000008de00000, 0x000000008de00000, 0x000000008df00000|  0%| F|  |TAMS 0x000000008de00000, 0x000000008de00000| Untracked 
| 223|0x000000008df00000, 0x000000008df00000, 0x000000008e000000|  0%| F|  |TAMS 0x000000008df00000, 0x000000008df00000| Untracked 
| 224|0x000000008e000000, 0x000000008e000000, 0x000000008e100000|  0%| F|  |TAMS 0x000000008e000000, 0x000000008e000000| Untracked 
| 225|0x000000008e100000, 0x000000008e100000, 0x000000008e200000|  0%| F|  |TAMS 0x000000008e100000, 0x000000008e100000| Untracked 
| 226|0x000000008e200000, 0x000000008e200000, 0x000000008e300000|  0%| F|  |TAMS 0x000000008e200000, 0x000000008e200000| Untracked 
| 227|0x000000008e300000, 0x000000008e300000, 0x000000008e400000|  0%| F|  |TAMS 0x000000008e300000, 0x000000008e300000| Untracked 
| 228|0x000000008e400000, 0x000000008e400000, 0x000000008e500000|  0%| F|  |TAMS 0x000000008e400000, 0x000000008e400000| Untracked 
| 229|0x000000008e500000, 0x000000008e500000, 0x000000008e600000|  0%| F|  |TAMS 0x000000008e500000, 0x000000008e500000| Untracked 
| 230|0x000000008e600000, 0x000000008e600000, 0x000000008e700000|  0%| F|  |TAMS 0x000000008e600000, 0x000000008e600000| Untracked 
| 231|0x000000008e700000, 0x000000008e700000, 0x000000008e800000|  0%| F|  |TAMS 0x000000008e700000, 0x000000008e700000| Untracked 
| 232|0x000000008e800000, 0x000000008e800000, 0x000000008e900000|  0%| F|  |TAMS 0x000000008e800000, 0x000000008e800000| Untracked 
| 233|0x000000008e900000, 0x000000008e900000, 0x000000008ea00000|  0%| F|  |TAMS 0x000000008e900000, 0x000000008e900000| Untracked 
| 234|0x000000008ea00000, 0x000000008ea00000, 0x000000008eb00000|  0%| F|  |TAMS 0x000000008ea00000, 0x000000008ea00000| Untracked 
| 235|0x000000008eb00000, 0x000000008eb00000, 0x000000008ec00000|  0%| F|  |TAMS 0x000000008eb00000, 0x000000008eb00000| Untracked 
| 236|0x000000008ec00000, 0x000000008ec00000, 0x000000008ed00000|  0%| F|  |TAMS 0x000000008ec00000, 0x000000008ec00000| Untracked 
| 237|0x000000008ed00000, 0x000000008ed00000, 0x000000008ee00000|  0%| F|  |TAMS 0x000000008ed00000, 0x000000008ed00000| Untracked 
| 238|0x000000008ee00000, 0x000000008ee00000, 0x000000008ef00000|  0%| F|  |TAMS 0x000000008ee00000, 0x000000008ee00000| Untracked 
| 239|0x000000008ef00000, 0x000000008ef00000, 0x000000008f000000|  0%| F|  |TAMS 0x000000008ef00000, 0x000000008ef00000| Untracked 
| 240|0x000000008f000000, 0x000000008f000000, 0x000000008f100000|  0%| F|  |TAMS 0x000000008f000000, 0x000000008f000000| Untracked 
| 241|0x000000008f100000, 0x000000008f100000, 0x000000008f200000|  0%| F|  |TAMS 0x000000008f100000, 0x000000008f100000| Untracked 
| 242|0x000000008f200000, 0x000000008f200000, 0x000000008f300000|  0%| F|  |TAMS 0x000000008f200000, 0x000000008f200000| Untracked 
| 243|0x000000008f300000, 0x000000008f300000, 0x000000008f400000|  0%| F|  |TAMS 0x000000008f300000, 0x000000008f300000| Untracked 
| 244|0x000000008f400000, 0x000000008f400000, 0x000000008f500000|  0%| F|  |TAMS 0x000000008f400000, 0x000000008f400000| Untracked 
| 245|0x000000008f500000, 0x000000008f600000, 0x000000008f600000|100%| S|CS|TAMS 0x000000008f500000, 0x000000008f500000| Complete 
| 246|0x000000008f600000, 0x000000008f700000, 0x000000008f700000|100%| S|CS|TAMS 0x000000008f600000, 0x000000008f600000| Complete 
| 247|0x000000008f700000, 0x000000008f800000, 0x000000008f800000|100%| S|CS|TAMS 0x000000008f700000, 0x000000008f700000| Complete 
| 248|0x000000008f800000, 0x000000008f900000, 0x000000008f900000|100%| S|CS|TAMS 0x000000008f800000, 0x000000008f800000| Complete 
| 249|0x000000008f900000, 0x000000008fa00000, 0x000000008fa00000|100%| S|CS|TAMS 0x000000008f900000, 0x000000008f900000| Complete 
| 250|0x000000008fa00000, 0x000000008fb00000, 0x000000008fb00000|100%| S|CS|TAMS 0x000000008fa00000, 0x000000008fa00000| Complete 
| 251|0x000000008fb00000, 0x000000008fc00000, 0x000000008fc00000|100%| S|CS|TAMS 0x000000008fb00000, 0x000000008fb00000| Complete 
| 252|0x000000008fc00000, 0x000000008fc00000, 0x000000008fd00000|  0%| F|  |TAMS 0x000000008fc00000, 0x000000008fc00000| Untracked 
| 253|0x000000008fd00000, 0x000000008fd00000, 0x000000008fe00000|  0%| F|  |TAMS 0x000000008fd00000, 0x000000008fd00000| Untracked 
| 254|0x000000008fe00000, 0x000000008fe00000, 0x000000008ff00000|  0%| F|  |TAMS 0x000000008fe00000, 0x000000008fe00000| Untracked 
| 255|0x000000008ff00000, 0x000000008ff00000, 0x0000000090000000|  0%| F|  |TAMS 0x000000008ff00000, 0x000000008ff00000| Untracked 
| 256|0x0000000090000000, 0x0000000090000000, 0x0000000090100000|  0%| F|  |TAMS 0x0000000090000000, 0x0000000090000000| Untracked 
| 257|0x0000000090100000, 0x0000000090100000, 0x0000000090200000|  0%| F|  |TAMS 0x0000000090100000, 0x0000000090100000| Untracked 
| 258|0x0000000090200000, 0x0000000090200000, 0x0000000090300000|  0%| F|  |TAMS 0x0000000090200000, 0x0000000090200000| Untracked 
| 259|0x0000000090300000, 0x0000000090400000, 0x0000000090400000|100%| S|CS|TAMS 0x0000000090300000, 0x0000000090300000| Complete 
| 260|0x0000000090400000, 0x0000000090500000, 0x0000000090500000|100%| S|CS|TAMS 0x0000000090400000, 0x0000000090400000| Complete 
| 261|0x0000000090500000, 0x0000000090600000, 0x0000000090600000|100%| S|CS|TAMS 0x0000000090500000, 0x0000000090500000| Complete 
| 262|0x0000000090600000, 0x0000000090700000, 0x0000000090700000|100%| S|CS|TAMS 0x0000000090600000, 0x0000000090600000| Complete 
| 263|0x0000000090700000, 0x0000000090700000, 0x0000000090800000|  0%| F|  |TAMS 0x0000000090700000, 0x0000000090700000| Untracked 
| 264|0x0000000090800000, 0x0000000090800000, 0x0000000090900000|  0%| F|  |TAMS 0x0000000090800000, 0x0000000090800000| Untracked 
| 265|0x0000000090900000, 0x0000000090900000, 0x0000000090a00000|  0%| F|  |TAMS 0x0000000090900000, 0x0000000090900000| Untracked 
| 266|0x0000000090a00000, 0x0000000090a00000, 0x0000000090b00000|  0%| F|  |TAMS 0x0000000090a00000, 0x0000000090a00000| Untracked 
| 267|0x0000000090b00000, 0x0000000090b00000, 0x0000000090c00000|  0%| F|  |TAMS 0x0000000090b00000, 0x0000000090b00000| Untracked 
| 268|0x0000000090c00000, 0x0000000090c00000, 0x0000000090d00000|  0%| F|  |TAMS 0x0000000090c00000, 0x0000000090c00000| Untracked 
| 269|0x0000000090d00000, 0x0000000090d00000, 0x0000000090e00000|  0%| F|  |TAMS 0x0000000090d00000, 0x0000000090d00000| Untracked 
| 270|0x0000000090e00000, 0x0000000090e00000, 0x0000000090f00000|  0%| F|  |TAMS 0x0000000090e00000, 0x0000000090e00000| Untracked 
| 271|0x0000000090f00000, 0x0000000090f00000, 0x0000000091000000|  0%| F|  |TAMS 0x0000000090f00000, 0x0000000090f00000| Untracked 
| 272|0x0000000091000000, 0x0000000091000000, 0x0000000091100000|  0%| F|  |TAMS 0x0000000091000000, 0x0000000091000000| Untracked 
| 273|0x0000000091100000, 0x0000000091100000, 0x0000000091200000|  0%| F|  |TAMS 0x0000000091100000, 0x0000000091100000| Untracked 
| 274|0x0000000091200000, 0x0000000091200000, 0x0000000091300000|  0%| F|  |TAMS 0x0000000091200000, 0x0000000091200000| Untracked 
| 275|0x0000000091300000, 0x0000000091300000, 0x0000000091400000|  0%| F|  |TAMS 0x0000000091300000, 0x0000000091300000| Untracked 
| 276|0x0000000091400000, 0x0000000091400000, 0x0000000091500000|  0%| F|  |TAMS 0x0000000091400000, 0x0000000091400000| Untracked 
| 277|0x0000000091500000, 0x0000000091500000, 0x0000000091600000|  0%| F|  |TAMS 0x0000000091500000, 0x0000000091500000| Untracked 
| 278|0x0000000091600000, 0x0000000091600000, 0x0000000091700000|  0%| F|  |TAMS 0x0000000091600000, 0x0000000091600000| Untracked 
| 279|0x0000000091700000, 0x0000000091700000, 0x0000000091800000|  0%| F|  |TAMS 0x0000000091700000, 0x0000000091700000| Untracked 
| 280|0x0000000091800000, 0x0000000091800000, 0x0000000091900000|  0%| F|  |TAMS 0x0000000091800000, 0x0000000091800000| Untracked 
| 281|0x0000000091900000, 0x0000000091900000, 0x0000000091a00000|  0%| F|  |TAMS 0x0000000091900000, 0x0000000091900000| Untracked 
| 282|0x0000000091a00000, 0x0000000091a00000, 0x0000000091b00000|  0%| F|  |TAMS 0x0000000091a00000, 0x0000000091a00000| Untracked 
| 283|0x0000000091b00000, 0x0000000091b00000, 0x0000000091c00000|  0%| F|  |TAMS 0x0000000091b00000, 0x0000000091b00000| Untracked 
| 284|0x0000000091c00000, 0x0000000091c00000, 0x0000000091d00000|  0%| F|  |TAMS 0x0000000091c00000, 0x0000000091c00000| Untracked 
| 285|0x0000000091d00000, 0x0000000091d00000, 0x0000000091e00000|  0%| F|  |TAMS 0x0000000091d00000, 0x0000000091d00000| Untracked 
| 286|0x0000000091e00000, 0x0000000091e00000, 0x0000000091f00000|  0%| F|  |TAMS 0x0000000091e00000, 0x0000000091e00000| Untracked 
| 287|0x0000000091f00000, 0x0000000091f00000, 0x0000000092000000|  0%| F|  |TAMS 0x0000000091f00000, 0x0000000091f00000| Untracked 
| 288|0x0000000092000000, 0x0000000092047930, 0x0000000092100000| 27%| E|  |TAMS 0x0000000092000000, 0x0000000092000000| Complete 
| 289|0x0000000092100000, 0x0000000092200000, 0x0000000092200000|100%| E|CS|TAMS 0x0000000092100000, 0x0000000092100000| Complete 
| 290|0x0000000092200000, 0x0000000092300000, 0x0000000092300000|100%| E|CS|TAMS 0x0000000092200000, 0x0000000092200000| Complete 
| 291|0x0000000092300000, 0x0000000092400000, 0x0000000092400000|100%| E|CS|TAMS 0x0000000092300000, 0x0000000092300000| Complete 
| 292|0x0000000092400000, 0x0000000092500000, 0x0000000092500000|100%| E|CS|TAMS 0x0000000092400000, 0x0000000092400000| Complete 
| 293|0x0000000092500000, 0x0000000092600000, 0x0000000092600000|100%| E|CS|TAMS 0x0000000092500000, 0x0000000092500000| Complete 
| 294|0x0000000092600000, 0x0000000092700000, 0x0000000092700000|100%| E|CS|TAMS 0x0000000092600000, 0x0000000092600000| Complete 
| 295|0x0000000092700000, 0x0000000092800000, 0x0000000092800000|100%| E|CS|TAMS 0x0000000092700000, 0x0000000092700000| Complete 
| 296|0x0000000092800000, 0x0000000092900000, 0x0000000092900000|100%| E|CS|TAMS 0x0000000092800000, 0x0000000092800000| Complete 
| 297|0x0000000092900000, 0x0000000092a00000, 0x0000000092a00000|100%| E|CS|TAMS 0x0000000092900000, 0x0000000092900000| Complete 
| 298|0x0000000092a00000, 0x0000000092b00000, 0x0000000092b00000|100%| E|CS|TAMS 0x0000000092a00000, 0x0000000092a00000| Complete 
| 299|0x0000000092b00000, 0x0000000092c00000, 0x0000000092c00000|100%| E|CS|TAMS 0x0000000092b00000, 0x0000000092b00000| Complete 
| 300|0x0000000092c00000, 0x0000000092d00000, 0x0000000092d00000|100%| E|CS|TAMS 0x0000000092c00000, 0x0000000092c00000| Complete 
| 301|0x0000000092d00000, 0x0000000092e00000, 0x0000000092e00000|100%| E|CS|TAMS 0x0000000092d00000, 0x0000000092d00000| Complete 
| 302|0x0000000092e00000, 0x0000000092f00000, 0x0000000092f00000|100%| E|CS|TAMS 0x0000000092e00000, 0x0000000092e00000| Complete 
| 303|0x0000000092f00000, 0x0000000093000000, 0x0000000093000000|100%| E|CS|TAMS 0x0000000092f00000, 0x0000000092f00000| Complete 
| 304|0x0000000093000000, 0x0000000093100000, 0x0000000093100000|100%| E|CS|TAMS 0x0000000093000000, 0x0000000093000000| Complete 
| 305|0x0000000093100000, 0x0000000093200000, 0x0000000093200000|100%| E|CS|TAMS 0x0000000093100000, 0x0000000093100000| Complete 
| 306|0x0000000093200000, 0x0000000093300000, 0x0000000093300000|100%| E|CS|TAMS 0x0000000093200000, 0x0000000093200000| Complete 
| 307|0x0000000093300000, 0x0000000093400000, 0x0000000093400000|100%| E|CS|TAMS 0x0000000093300000, 0x0000000093300000| Complete 
| 308|0x0000000093400000, 0x0000000093500000, 0x0000000093500000|100%| E|CS|TAMS 0x0000000093400000, 0x0000000093400000| Complete 
| 309|0x0000000093500000, 0x0000000093600000, 0x0000000093600000|100%| E|CS|TAMS 0x0000000093500000, 0x0000000093500000| Complete 
| 310|0x0000000093600000, 0x0000000093700000, 0x0000000093700000|100%| E|CS|TAMS 0x0000000093600000, 0x0000000093600000| Complete 
| 311|0x0000000093700000, 0x0000000093800000, 0x0000000093800000|100%| E|CS|TAMS 0x0000000093700000, 0x0000000093700000| Complete 
| 312|0x0000000093800000, 0x0000000093900000, 0x0000000093900000|100%| E|CS|TAMS 0x0000000093800000, 0x0000000093800000| Complete 
| 313|0x0000000093900000, 0x0000000093a00000, 0x0000000093a00000|100%| E|CS|TAMS 0x0000000093900000, 0x0000000093900000| Complete 
| 314|0x0000000093a00000, 0x0000000093b00000, 0x0000000093b00000|100%| E|CS|TAMS 0x0000000093a00000, 0x0000000093a00000| Complete 
| 315|0x0000000093b00000, 0x0000000093c00000, 0x0000000093c00000|100%| E|CS|TAMS 0x0000000093b00000, 0x0000000093b00000| Complete 
| 316|0x0000000093c00000, 0x0000000093d00000, 0x0000000093d00000|100%| E|CS|TAMS 0x0000000093c00000, 0x0000000093c00000| Complete 
| 317|0x0000000093d00000, 0x0000000093e00000, 0x0000000093e00000|100%| E|CS|TAMS 0x0000000093d00000, 0x0000000093d00000| Complete 
| 318|0x0000000093e00000, 0x0000000093f00000, 0x0000000093f00000|100%| E|CS|TAMS 0x0000000093e00000, 0x0000000093e00000| Complete 
| 319|0x0000000093f00000, 0x0000000094000000, 0x0000000094000000|100%| E|CS|TAMS 0x0000000093f00000, 0x0000000093f00000| Complete 
| 320|0x0000000094000000, 0x0000000094100000, 0x0000000094100000|100%| E|CS|TAMS 0x0000000094000000, 0x0000000094000000| Complete 
| 321|0x0000000094100000, 0x0000000094200000, 0x0000000094200000|100%| E|CS|TAMS 0x0000000094100000, 0x0000000094100000| Complete 
| 322|0x0000000094200000, 0x0000000094300000, 0x0000000094300000|100%| E|CS|TAMS 0x0000000094200000, 0x0000000094200000| Complete 
| 323|0x0000000094300000, 0x0000000094400000, 0x0000000094400000|100%| E|CS|TAMS 0x0000000094300000, 0x0000000094300000| Complete 
| 324|0x0000000094400000, 0x0000000094500000, 0x0000000094500000|100%| E|CS|TAMS 0x0000000094400000, 0x0000000094400000| Complete 
| 325|0x0000000094500000, 0x0000000094600000, 0x0000000094600000|100%| E|CS|TAMS 0x0000000094500000, 0x0000000094500000| Complete 
| 326|0x0000000094600000, 0x0000000094700000, 0x0000000094700000|100%| E|CS|TAMS 0x0000000094600000, 0x0000000094600000| Complete 
| 327|0x0000000094700000, 0x0000000094800000, 0x0000000094800000|100%| E|CS|TAMS 0x0000000094700000, 0x0000000094700000| Complete 
| 328|0x0000000094800000, 0x0000000094900000, 0x0000000094900000|100%| E|CS|TAMS 0x0000000094800000, 0x0000000094800000| Complete 
| 329|0x0000000094900000, 0x0000000094a00000, 0x0000000094a00000|100%| E|CS|TAMS 0x0000000094900000, 0x0000000094900000| Complete 
| 330|0x0000000094a00000, 0x0000000094b00000, 0x0000000094b00000|100%| E|CS|TAMS 0x0000000094a00000, 0x0000000094a00000| Complete 
| 331|0x0000000094b00000, 0x0000000094c00000, 0x0000000094c00000|100%| E|CS|TAMS 0x0000000094b00000, 0x0000000094b00000| Complete 
| 332|0x0000000094c00000, 0x0000000094d00000, 0x0000000094d00000|100%| E|CS|TAMS 0x0000000094c00000, 0x0000000094c00000| Complete 
| 333|0x0000000094d00000, 0x0000000094e00000, 0x0000000094e00000|100%| E|CS|TAMS 0x0000000094d00000, 0x0000000094d00000| Complete 
| 334|0x0000000094e00000, 0x0000000094f00000, 0x0000000094f00000|100%| E|CS|TAMS 0x0000000094e00000, 0x0000000094e00000| Complete 
| 335|0x0000000094f00000, 0x0000000095000000, 0x0000000095000000|100%| E|CS|TAMS 0x0000000094f00000, 0x0000000094f00000| Complete 
| 336|0x0000000095000000, 0x0000000095100000, 0x0000000095100000|100%| E|CS|TAMS 0x0000000095000000, 0x0000000095000000| Complete 
| 337|0x0000000095100000, 0x0000000095200000, 0x0000000095200000|100%| E|CS|TAMS 0x0000000095100000, 0x0000000095100000| Complete 
| 338|0x0000000095200000, 0x0000000095300000, 0x0000000095300000|100%| E|CS|TAMS 0x0000000095200000, 0x0000000095200000| Complete 
| 339|0x0000000095300000, 0x0000000095400000, 0x0000000095400000|100%| E|CS|TAMS 0x0000000095300000, 0x0000000095300000| Complete 

Card table byte_map: [0x000001fe963d0000,0x000001fe967d0000] _byte_map_base: 0x000001fe95fd0000

Marking Bits (Prev, Next): (CMBitMap*) 0x000001fe831df208, (CMBitMap*) 0x000001fe831df240
 Prev Bits: [0x000001fe96bd0000, 0x000001fe98bd0000)
 Next Bits: [0x000001fe98bd0000, 0x000001fe9abd0000)

Polling page: 0x000001fe82980000

Metaspace:

Usage:
  Non-class:    116.87 MB capacity,   114.76 MB ( 98%) used,     1.68 MB (  1%) free+waste,   445.56 KB ( <1%) overhead. 
      Class:     17.90 MB capacity,    16.52 MB ( 92%) used,     1.18 MB (  7%) free+waste,   198.56 KB (  1%) overhead. 
       Both:    134.77 MB capacity,   131.28 MB ( 97%) used,     2.86 MB (  2%) free+waste,   644.13 KB ( <1%) overhead. 

Virtual space:
  Non-class space:      118.00 MB reserved,     116.88 MB (>99%) committed 
      Class space:        1.00 GB reserved,      18.00 MB (  2%) committed 
             Both:        1.12 GB reserved,     134.88 MB ( 12%) committed 

Chunk freelists:
   Non-Class:  1.00 KB
       Class:  11.00 KB
        Both:  12.00 KB

MaxMetaspaceSize: 17179869184.00 GB
CompressedClassSpaceSize: 1.00 GB

CodeHeap 'non-profiled nmethods': size=120000Kb used=12503Kb max_used=12503Kb free=107496Kb
 bounds [0x000001fe8e760000, 0x000001fe8f3c0000, 0x000001fe95c90000]
CodeHeap 'profiled nmethods': size=120000Kb used=46758Kb max_used=46758Kb free=73241Kb
 bounds [0x000001fe87230000, 0x000001fe8a000000, 0x000001fe8e760000]
CodeHeap 'non-nmethods': size=5760Kb used=2386Kb max_used=2458Kb free=3373Kb
 bounds [0x000001fe86c90000, 0x000001fe86f00000, 0x000001fe87230000]
 total_blobs=21866 nmethods=20853 adapters=923
 compilation: enabled
              stopped_count=0, restarted_count=0
 full_count=0

Compilation events (20 events):
Event: 3542.444 Thread 0x000001fe9dfc3800 22216       2       com.android.tools.r8.code.o2::a (1 bytes)
Event: 3542.444 Thread 0x000001fe9dfc3800 nmethod 22216 0x000001fe87a0dc10 code [0x000001fe87a0ddc0, 0x000001fe87a0deb8]
Event: 3542.445 Thread 0x000001fe9dfc3800 22218       2       com.android.tools.r8.code.O3::a (1 bytes)
Event: 3542.446 Thread 0x000001fe9dfc3800 nmethod 22218 0x000001fe87a41c10 code [0x000001fe87a41dc0, 0x000001fe87a41eb8]
Event: 3542.446 Thread 0x000001fe9dfc3800 22219       2       com.android.tools.r8.code.B::a (1 bytes)
Event: 3542.446 Thread 0x000001fe9dfc3800 nmethod 22219 0x000001fe87a41890 code [0x000001fe87a41a40, 0x000001fe87a41b38]
Event: 3542.446 Thread 0x000001fe9dfc3800 22220       2       com.android.tools.r8.code.E::a (1 bytes)
Event: 3542.446 Thread 0x000001fe9dfc3800 nmethod 22220 0x000001fe87a41510 code [0x000001fe87a416c0, 0x000001fe87a417b8]
Event: 3542.446 Thread 0x000001fe9dfc3800 22221       2       com.android.tools.r8.code.q::a (1 bytes)
Event: 3542.447 Thread 0x000001fe9dfc3800 nmethod 22221 0x000001fe87a41190 code [0x000001fe87a41340, 0x000001fe87a41438]
Event: 3542.447 Thread 0x000001fe9dfc3800 22222       2       com.android.tools.r8.code.z0::a (1 bytes)
Event: 3542.447 Thread 0x000001fe9dfc3800 nmethod 22222 0x000001fe87a40e10 code [0x000001fe87a40fc0, 0x000001fe87a410b8]
Event: 3542.448 Thread 0x000001fe9dfc3800 22224       2       com.android.tools.r8.code.X0::a (1 bytes)
Event: 3542.448 Thread 0x000001fe9dfc3800 nmethod 22224 0x000001fe87a40a90 code [0x000001fe87a40c40, 0x000001fe87a40d38]
Event: 3542.448 Thread 0x000001fe9dfc3800 22225       2       com.android.tools.r8.code.u1::H (8 bytes)
Event: 3542.448 Thread 0x000001fe9dfc3800 nmethod 22225 0x000001fe87a40710 code [0x000001fe87a408c0, 0x000001fe87a409f8]
Event: 3542.448 Thread 0x000001fe9dfc3800 22226       2       com.android.tools.r8.code.u1::a (13 bytes)
Event: 3542.449 Thread 0x000001fe9dfc3800 nmethod 22226 0x000001fe87a59890 code [0x000001fe87a59a80, 0x000001fe87a59c98]
Event: 3542.451 Thread 0x000001fe9dfc3800 22228       2       com.android.tools.r8.code.T0::a (1 bytes)
Event: 3542.451 Thread 0x000001fe9dfc3800 nmethod 22228 0x000001fe87a40290 code [0x000001fe87a40440, 0x000001fe87a40538]

GC Heap History (20 events):
Event: 3537.229 GC heap before
{Heap before GC invocations=42 (full 0):
 garbage-first heap   total 227328K, used 122768K [0x0000000080000000, 0x0000000100000000)
  region size 1024K, 11 young (11264K), 1 survivors (1024K)
 Metaspace       used 116029K, capacity 118607K, committed 120320K, reserved 1153024K
  class space    used 14485K, capacity 15495K, committed 16000K, reserved 1048576K
}
Event: 3537.238 GC heap after
{Heap after GC invocations=43 (full 0):
 garbage-first heap   total 227328K, used 110569K [0x0000000080000000, 0x0000000100000000)
  region size 1024K, 1 young (1024K), 1 survivors (1024K)
 Metaspace       used 116029K, capacity 118607K, committed 120320K, reserved 1153024K
  class space    used 14485K, capacity 15495K, committed 16000K, reserved 1048576K
}
Event: 3537.674 GC heap before
{Heap before GC invocations=43 (full 0):
 garbage-first heap   total 227328K, used 173033K [0x0000000080000000, 0x0000000100000000)
  region size 1024K, 63 young (64512K), 1 survivors (1024K)
 Metaspace       used 117088K, capacity 119731K, committed 121088K, reserved 1155072K
  class space    used 14591K, capacity 15585K, committed 16000K, reserved 1048576K
}
Event: 3537.679 GC heap after
{Heap after GC invocations=44 (full 0):
 garbage-first heap   total 227328K, used 113868K [0x0000000080000000, 0x0000000100000000)
  region size 1024K, 4 young (4096K), 4 survivors (4096K)
 Metaspace       used 117088K, capacity 119731K, committed 121088K, reserved 1155072K
  class space    used 14591K, capacity 15585K, committed 16000K, reserved 1048576K
}
Event: 3538.072 GC heap before
{Heap before GC invocations=44 (full 0):
 garbage-first heap   total 227328K, used 177356K [0x0000000080000000, 0x0000000100000000)
  region size 1024K, 67 young (68608K), 4 survivors (4096K)
 Metaspace       used 119559K, capacity 122239K, committed 123648K, reserved 1157120K
  class space    used 14909K, capacity 15907K, committed 16256K, reserved 1048576K
}
Event: 3538.080 GC heap after
{Heap after GC invocations=45 (full 0):
 garbage-first heap   total 227328K, used 116461K [0x0000000080000000, 0x0000000100000000)
  region size 1024K, 7 young (7168K), 7 survivors (7168K)
 Metaspace       used 119559K, capacity 122239K, committed 123648K, reserved 1157120K
  class space    used 14909K, capacity 15907K, committed 16256K, reserved 1048576K
}
Event: 3538.429 GC heap before
{Heap before GC invocations=45 (full 0):
 garbage-first heap   total 227328K, used 179949K [0x0000000080000000, 0x0000000100000000)
  region size 1024K, 70 young (71680K), 7 survivors (7168K)
 Metaspace       used 122776K, capacity 125598K, committed 126720K, reserved 1159168K
  class space    used 15374K, capacity 16438K, committed 16768K, reserved 1048576K
}
Event: 3538.443 GC heap after
{Heap after GC invocations=46 (full 0):
 garbage-first heap   total 280576K, used 124466K [0x0000000080000000, 0x0000000100000000)
  region size 1024K, 9 young (9216K), 9 survivors (9216K)
 Metaspace       used 122776K, capacity 125598K, committed 126720K, reserved 1159168K
  class space    used 15374K, capacity 16438K, committed 16768K, reserved 1048576K
}
Event: 3539.018 GC heap before
{Heap before GC invocations=46 (full 0):
 garbage-first heap   total 280576K, used 210482K [0x0000000080000000, 0x0000000100000000)
  region size 1024K, 91 young (93184K), 9 survivors (9216K)
 Metaspace       used 128974K, capacity 132213K, committed 132224K, reserved 1163264K
  class space    used 16429K, capacity 17659K, committed 17664K, reserved 1048576K
}
Event: 3539.029 GC heap after
{Heap after GC invocations=47 (full 0):
 garbage-first heap   total 280576K, used 127944K [0x0000000080000000, 0x0000000100000000)
  region size 1024K, 6 young (6144K), 6 survivors (6144K)
 Metaspace       used 128974K, capacity 132213K, committed 132224K, reserved 1163264K
  class space    used 16429K, capacity 17659K, committed 17664K, reserved 1048576K
}
Event: 3539.528 GC heap before
{Heap before GC invocations=47 (full 0):
 garbage-first heap   total 280576K, used 211912K [0x0000000080000000, 0x0000000100000000)
  region size 1024K, 89 young (91136K), 6 survivors (6144K)
 Metaspace       used 130972K, capacity 134400K, committed 134656K, reserved 1165312K
  class space    used 16649K, capacity 17996K, committed 18048K, reserved 1048576K
}
Event: 3539.536 GC heap after
{Heap after GC invocations=48 (full 0):
 garbage-first heap   total 280576K, used 128221K [0x0000000080000000, 0x0000000100000000)
  region size 1024K, 6 young (6144K), 6 survivors (6144K)
 Metaspace       used 130972K, capacity 134400K, committed 134656K, reserved 1165312K
  class space    used 16649K, capacity 17996K, committed 18048K, reserved 1048576K
}
Event: 3540.224 GC heap before
{Heap before GC invocations=48 (full 0):
 garbage-first heap   total 280576K, used 220381K [0x0000000080000000, 0x0000000100000000)
  region size 1024K, 96 young (98304K), 6 survivors (6144K)
 Metaspace       used 131321K, capacity 134789K, committed 134912K, reserved 1167360K
  class space    used 16663K, capacity 18014K, committed 18048K, reserved 1048576K
}
Event: 3540.231 GC heap after
{Heap after GC invocations=49 (full 0):
 garbage-first heap   total 280576K, used 128565K [0x0000000080000000, 0x0000000100000000)
  region size 1024K, 6 young (6144K), 6 survivors (6144K)
 Metaspace       used 131321K, capacity 134789K, committed 134912K, reserved 1167360K
  class space    used 16663K, capacity 18014K, committed 18048K, reserved 1048576K
}
Event: 3541.040 GC heap before
{Heap before GC invocations=49 (full 0):
 garbage-first heap   total 280576K, used 223797K [0x0000000080000000, 0x0000000100000000)
  region size 1024K, 99 young (101376K), 6 survivors (6144K)
 Metaspace       used 131825K, capacity 135280K, committed 135424K, reserved 1167360K
  class space    used 16665K, capacity 18017K, committed 18048K, reserved 1048576K
}
Event: 3541.048 GC heap after
{Heap after GC invocations=50 (full 0):
 garbage-first heap   total 280576K, used 129405K [0x0000000080000000, 0x0000000100000000)
  region size 1024K, 7 young (7168K), 7 survivors (7168K)
 Metaspace       used 131825K, capacity 135280K, committed 135424K, reserved 1167360K
  class space    used 16665K, capacity 18017K, committed 18048K, reserved 1048576K
}
Event: 3541.768 GC heap before
{Heap before GC invocations=50 (full 0):
 garbage-first heap   total 280576K, used 242045K [0x0000000080000000, 0x0000000100000000)
  region size 1024K, 102 young (104448K), 7 survivors (7168K)
 Metaspace       used 132848K, capacity 136305K, committed 136576K, reserved 1167360K
  class space    used 16759K, capacity 18100K, committed 18176K, reserved 1048576K
}
Event: 3541.786 GC heap after
{Heap after GC invocations=51 (full 0):
 garbage-first heap   total 280576K, used 152499K [0x0000000080000000, 0x0000000100000000)
  region size 1024K, 13 young (13312K), 13 survivors (13312K)
 Metaspace       used 132848K, capacity 136305K, committed 136576K, reserved 1167360K
  class space    used 16759K, capacity 18100K, committed 18176K, reserved 1048576K
}
Event: 3542.129 GC heap before
{Heap before GC invocations=51 (full 0):
 garbage-first heap   total 280576K, used 227251K [0x0000000080000000, 0x0000000100000000)
  region size 1024K, 87 young (89088K), 13 survivors (13312K)
 Metaspace       used 133458K, capacity 136929K, committed 137216K, reserved 1169408K
  class space    used 16816K, capacity 18179K, committed 18304K, reserved 1048576K
}
Event: 3542.172 GC heap after
{Heap after GC invocations=52 (full 0):
 garbage-first heap   total 348160K, used 178914K [0x0000000080000000, 0x0000000100000000)
  region size 1024K, 11 young (11264K), 11 survivors (11264K)
 Metaspace       used 133458K, capacity 136929K, committed 137216K, reserved 1169408K
  class space    used 16816K, capacity 18179K, committed 18304K, reserved 1048576K
}

Deoptimization events (20 events):
Event: 3542.244 Thread 0x000001fea75d8000 DEOPT PACKING pc=0x000001fe8e916930 sp=0x0000003fa5efce00
Event: 3542.244 Thread 0x000001fea75d8000 DEOPT UNPACKING pc=0x000001fe86cb78af sp=0x0000003fa5efcdb8 mode 2
Event: 3542.319 Thread 0x000001fea75d8000 DEOPT PACKING pc=0x000001fe89cd6aa8 sp=0x0000003fa5efd170
Event: 3542.319 Thread 0x000001fea75d8000 DEOPT UNPACKING pc=0x000001fe86cb76ce sp=0x0000003fa5efc628 mode 0
Event: 3542.364 Thread 0x000001fea75dc800 DEOPT PACKING pc=0x000001fe87936415 sp=0x0000003fa63feee0
Event: 3542.364 Thread 0x000001fea5a59000 DEOPT PACKING pc=0x000001fe87936415 sp=0x0000003fa69fef20
Event: 3542.364 Thread 0x000001fea75dc800 DEOPT UNPACKING pc=0x000001fe86cb76ce sp=0x0000003fa63fe3a0 mode 0
Event: 3542.364 Thread 0x000001fea5a59000 DEOPT UNPACKING pc=0x000001fe86cb76ce sp=0x0000003fa69fe3e0 mode 0
Event: 3542.364 Thread 0x000001fea5a55000 DEOPT PACKING pc=0x000001fe87936415 sp=0x0000003fa64fea50
Event: 3542.364 Thread 0x000001fea5a55000 DEOPT UNPACKING pc=0x000001fe86cb76ce sp=0x0000003fa64fdf10 mode 0
Event: 3542.364 Thread 0x000001fea5a58000 DEOPT PACKING pc=0x000001fe87936415 sp=0x0000003fa68feca0
Event: 3542.365 Thread 0x000001fea5a58000 DEOPT UNPACKING pc=0x000001fe86cb76ce sp=0x0000003fa68fe160 mode 0
Event: 3542.414 Thread 0x000001fea75d8000 Uncommon trap: trap_request=0xffffffe4 fr.pc=0x000001fe8e8ebf40 relative=0x0000000000000280
Event: 3542.414 Thread 0x000001fea75d8000 Uncommon trap: reason=range_check action=make_not_entrant pc=0x000001fe8e8ebf40 method=com.android.tools.r8.graph.c0.a(Lcom/android/tools/r8/graph/c0;)I @ 9 c2
Event: 3542.414 Thread 0x000001fea75d8000 DEOPT PACKING pc=0x000001fe8e8ebf40 sp=0x0000003fa5efd1c0
Event: 3542.414 Thread 0x000001fea75d8000 DEOPT UNPACKING pc=0x000001fe86cb78af sp=0x0000003fa5efd138 mode 2
Event: 3542.420 Thread 0x000001fea75d8000 Uncommon trap: trap_request=0xffffff4d fr.pc=0x000001fe8ea40f1c relative=0x000000000000007c
Event: 3542.420 Thread 0x000001fea75d8000 Uncommon trap: reason=unstable_if action=reinterpret pc=0x000001fe8ea40f1c method=com.android.tools.r8.internal.D9.a(C)Z @ 21 c2
Event: 3542.420 Thread 0x000001fea75d8000 DEOPT PACKING pc=0x000001fe8ea40f1c sp=0x0000003fa5efd140
Event: 3542.420 Thread 0x000001fea75d8000 DEOPT UNPACKING pc=0x000001fe86cb78af sp=0x0000003fa5efd0d0 mode 2

Classes redefined (0 events):
No events

Internal exceptions (20 events):
Event: 3538.776 Thread 0x000001fea10d8800 Exception <a 'java/lang/NoSuchMethodError'{0x000000008da1adb0}: 'java.lang.Object java.lang.invoke.DirectMethodHandle$Holder.newInvokeSpecial(java.lang.Object, int)'> (0x000000008da1adb0) thrown at [./src/hotspot/share/interpreter/linkResolver.cpp, line 773]
Event: 3538.776 Thread 0x000001fea10d6000 Exception <a 'java/lang/NoSuchMethodError'{0x000000008da4fd10}: 'java.lang.Object java.lang.invoke.DirectMethodHandle$Holder.newInvokeSpecial(java.lang.Object, int)'> (0x000000008da4fd10) thrown at [./src/hotspot/share/interpreter/linkResolver.cpp, line 773]
Event: 3538.777 Thread 0x000001fea1821000 Exception <a 'java/lang/NoSuchMethodError'{0x000000008da413a0}: 'java.lang.Object java.lang.invoke.DirectMethodHandle$Holder.newInvokeSpecial(java.lang.Object, int)'> (0x000000008da413a0) thrown at [./src/hotspot/share/interpreter/linkResolver.cpp, line 773]
Event: 3538.836 Thread 0x000001fea10cf800 Exception <a 'java/lang/NoSuchMethodError'{0x000000008d501028}: 'java.lang.Object java.lang.invoke.DirectMethodHandle$Holder.invokeInterface(java.lang.Object, java.lang.Object, int)'> (0x000000008d501028) thrown at [./src/hotspot/share/interpreter/linkResolver.cpp, line 773]
Event: 3538.967 Thread 0x000001fea10cf800 Exception <a 'java/lang/NoSuchMethodError'{0x000000008c6532e0}: 'void java.lang.invoke.DirectMethodHandle$Holder.invokeSpecial(java.lang.Object, java.lang.Object, int, java.lang.Object, java.lang.Object, java.lang.Object, java.lang.Object)'> (0x000000008c6532e0) thrown at [./src/hotspot/share/interpreter/linkResolver.cpp, line 773]
Event: 3538.968 Thread 0x000001fea10cf800 Exception <a 'java/lang/NoSuchMethodError'{0x000000008c6858c8}: 'java.lang.Object java.lang.invoke.Invokers$Holder.linkToTargetMethod(java.lang.Object, int, java.lang.Object, java.lang.Object, java.lang.Object, java.lang.Object)'> (0x000000008c6858c8) thrown at [./src/hotspot/share/interpreter/linkResolver.cpp, line 773]
Event: 3538.969 Thread 0x000001fea10cf800 Exception <a 'java/lang/NoSuchMethodError'{0x000000008c689f68}: 'void java.lang.invoke.DirectMethodHandle$Holder.invokeSpecial(java.lang.Object, java.lang.Object, java.lang.Object, java.lang.Object, java.lang.Object, java.lang.Object, java.lang.Object, java.lang.Object, java.lang.Object)'> (0x000000008c689f68) thrown at [./src/hotspot/share/interpreter/linkResolver.cpp, line 773]
Event: 3538.973 Thread 0x000001fea10cf800 Exception <a 'java/lang/NoSuchMethodError'{0x000000008c6d8690}: 'void java.lang.invoke.DirectMethodHandle$Holder.invokeStatic(java.lang.Object, java.lang.Object, java.lang.Object, java.lang.Object, java.lang.Object, java.lang.Object, java.lang.Object, java.lang.Object)'> (0x000000008c6d8690) thrown at [./src/hotspot/share/interpreter/linkResolver.cpp, line 773]
Event: 3539.100 Thread 0x000001fea10cf800 Exception <a 'java/lang/IncompatibleClassChangeError'{0x00000000907edcc0}: Found class java.lang.Object, but interface was expected> (0x00000000907edcc0) thrown at [./src/hotspot/share/interpreter/linkResolver.cpp, line 839]
Event: 3539.164 Thread 0x000001fea10cf800 Exception <a 'java/lang/NoSuchMethodError'{0x000000008fc77f20}: 'void java.lang.invoke.DirectMethodHandle$Holder.invokeVirtual(java.lang.Object, java.lang.Object, int)'> (0x000000008fc77f20) thrown at [./src/hotspot/share/interpreter/linkResolver.cpp, line 773]
Event: 3539.190 Thread 0x000001fea10d3800 Exception <a 'sun/nio/fs/WindowsException'{0x000000008f867fe8}> (0x000000008f867fe8) thrown at [./src/hotspot/share/prims/jni.cpp, line 615]
Event: 3539.191 Thread 0x000001fea10cf800 Exception <a 'sun/nio/fs/WindowsException'{0x000000008f8471e0}> (0x000000008f8471e0) thrown at [./src/hotspot/share/prims/jni.cpp, line 615]
Event: 3539.192 Thread 0x000001fea10d3800 Implicit null exception at 0x000001fe8eba5a46 to 0x000001fe8eba8f68
Event: 3539.601 Thread 0x000001fea10d8800 Exception <a 'sun/nio/fs/WindowsException'{0x00000000905e18a0}> (0x00000000905e18a0) thrown at [./src/hotspot/share/prims/jni.cpp, line 615]
Event: 3539.635 Thread 0x000001fea1821000 Exception <a 'sun/nio/fs/WindowsException'{0x00000000900ab7d8}> (0x00000000900ab7d8) thrown at [./src/hotspot/share/prims/jni.cpp, line 615]
Event: 3540.592 Thread 0x000001fea10d6000 Exception <a 'java/lang/NoSuchMethodError'{0x000000008ec762b0}: 'int java.lang.invoke.DirectMethodHandle$Holder.invokeInterface(java.lang.Object, java.lang.Object, int)'> (0x000000008ec762b0) thrown at [./src/hotspot/share/interpreter/linkResolver.cpp, line 773]
Event: 3541.451 Thread 0x000001fea10d6000 Exception <a 'sun/nio/fs/WindowsException'{0x000000008d35c918}> (0x000000008d35c918) thrown at [./src/hotspot/share/prims/jni.cpp, line 615]
Event: 3541.611 Thread 0x000001fea75d8000 Exception <a 'sun/nio/fs/WindowsException'{0x000000008ccf8978}> (0x000000008ccf8978) thrown at [./src/hotspot/share/prims/jni.cpp, line 615]
Event: 3542.223 Thread 0x000001fea75d8000 Exception <a 'java/lang/IncompatibleClassChangeError'{0x0000000094e4c740}: Found class java.lang.Object, but interface was expected> (0x0000000094e4c740) thrown at [./src/hotspot/share/interpreter/linkResolver.cpp, line 839]
Event: 3542.249 Thread 0x000001fea75d8000 Exception <a 'java/lang/NoSuchMethodError'{0x0000000094d27178}: 'int java.lang.invoke.DirectMethodHandle$Holder.invokeSpecial(java.lang.Object, java.lang.Object, java.lang.Object, java.lang.Object, java.lang.Object, java.lang.Object)'> (0x0000000094d27178) thrown at [./src/hotspot/share/interpreter/linkResolver.cpp, line 773]

Events (20 events):
Event: 3542.394 loading class com/android/tools/r8/graph/v0$g
Event: 3542.394 loading class com/android/tools/r8/graph/v0$g done
Event: 3542.394 loading class com/android/tools/r8/graph/v0$g
Event: 3542.394 loading class com/android/tools/r8/graph/v0$g done
Event: 3542.394 loading class com/android/tools/r8/graph/v0$j
Event: 3542.394 loading class com/android/tools/r8/graph/v0$j done
Event: 3542.394 loading class com/android/tools/r8/graph/v0$d
Event: 3542.394 loading class com/android/tools/r8/graph/v0$d done
Event: 3542.394 loading class com/android/tools/r8/graph/v0$f
Event: 3542.394 loading class com/android/tools/r8/graph/v0$f done
Event: 3542.394 loading class com/android/tools/r8/graph/v0$j
Event: 3542.394 loading class com/android/tools/r8/graph/v0$j done
Event: 3542.394 Executing VM operation: Deoptimize
Event: 3542.396 Executing VM operation: Deoptimize done
Event: 3542.396 loading class com/android/tools/r8/graph/d0
Event: 3542.396 loading class com/android/tools/r8/graph/d0 done
Event: 3542.396 loading class com/android/tools/r8/graph/d0
Event: 3542.396 loading class com/android/tools/r8/graph/d0 done
Event: 3542.396 loading class com/android/tools/r8/graph/S0
Event: 3542.396 loading class com/android/tools/r8/graph/S0 done


Dynamic libraries:
0x00007ff70f960000 - 0x00007ff70f96a000 	C:\Program Files\Android\Android Studio\jre\bin\java.exe
0x00007ffd013b0000 - 0x00007ffd015a5000 	C:\WINDOWS\SYSTEM32\ntdll.dll
0x00007ffd00010000 - 0x00007ffd000ce000 	C:\WINDOWS\System32\KERNEL32.DLL
0x00007ffcfedf0000 - 0x00007ffcff0b8000 	C:\WINDOWS\System32\KERNELBASE.dll
0x00007ffcfeac0000 - 0x00007ffcfebc0000 	C:\WINDOWS\System32\ucrtbase.dll
0x00007ffcf6000000 - 0x00007ffcf6017000 	C:\Program Files\Android\Android Studio\jre\bin\VCRUNTIME140.dll
0x00007ffcf5a10000 - 0x00007ffcf5a29000 	C:\Program Files\Android\Android Studio\jre\bin\jli.dll
0x00007ffd002d0000 - 0x00007ffd00470000 	C:\WINDOWS\System32\USER32.dll
0x00007ffcff160000 - 0x00007ffcff182000 	C:\WINDOWS\System32\win32u.dll
0x00007ffce57a0000 - 0x00007ffce5a3a000 	C:\WINDOWS\WinSxS\amd64_microsoft.windows.common-controls_6595b64144ccf1df_6.0.19041.1110_none_60b5254171f9507e\COMCTL32.dll
0x00007ffcffb90000 - 0x00007ffcffbbb000 	C:\WINDOWS\System32\GDI32.dll
0x00007ffcfff70000 - 0x00007ffd0000e000 	C:\WINDOWS\System32\msvcrt.dll
0x00007ffcff2f0000 - 0x00007ffcff3fd000 	C:\WINDOWS\System32\gdi32full.dll
0x00007ffcff0c0000 - 0x00007ffcff15d000 	C:\WINDOWS\System32\msvcp_win.dll
0x00007ffd01220000 - 0x00007ffd01250000 	C:\WINDOWS\System32\IMM32.DLL
0x00007ffcc1ad0000 - 0x00007ffcc1b6d000 	C:\Program Files\Android\Android Studio\jre\bin\msvcp140.dll
0x00007ffcbc9d0000 - 0x00007ffcbd49f000 	C:\Program Files\Android\Android Studio\jre\bin\server\jvm.dll
0x00007ffcffe10000 - 0x00007ffcffebe000 	C:\WINDOWS\System32\ADVAPI32.dll
0x00007ffd00230000 - 0x00007ffd002cc000 	C:\WINDOWS\System32\sechost.dll
0x00007ffcff400000 - 0x00007ffcff525000 	C:\WINDOWS\System32\RPCRT4.dll
0x00007ffd001c0000 - 0x00007ffd001c8000 	C:\WINDOWS\System32\PSAPI.DLL
0x00007ffcda3a0000 - 0x00007ffcda3a9000 	C:\WINDOWS\SYSTEM32\WSOCK32.dll
0x00007ffcffcf0000 - 0x00007ffcffd5b000 	C:\WINDOWS\System32\WS2_32.dll
0x00007ffce0e70000 - 0x00007ffce0e97000 	C:\WINDOWS\SYSTEM32\WINMM.dll
0x00007ffcfd780000 - 0x00007ffcfd78a000 	C:\WINDOWS\SYSTEM32\VERSION.dll
0x00007ffcfd5b0000 - 0x00007ffcfd5c2000 	C:\WINDOWS\SYSTEM32\kernel.appcore.dll
0x00007ffcf6560000 - 0x00007ffcf6571000 	C:\Program Files\Android\Android Studio\jre\bin\verify.dll
0x00007ffcfcf50000 - 0x00007ffcfd134000 	C:\WINDOWS\SYSTEM32\DBGHELP.DLL
0x00007ffcde9f0000 - 0x00007ffcdea1c000 	C:\WINDOWS\SYSTEM32\dbgcore.DLL
0x00007ffcfebf0000 - 0x00007ffcfec72000 	C:\WINDOWS\System32\bcryptPrimitives.dll
0x00007ffcdb9a0000 - 0x00007ffcdb9c9000 	C:\Program Files\Android\Android Studio\jre\bin\java.dll
0x00007ffcf7c30000 - 0x00007ffcf7c3b000 	C:\Program Files\Android\Android Studio\jre\bin\jimage.dll
0x00007ffce6e90000 - 0x00007ffce6ea8000 	C:\Program Files\Android\Android Studio\jre\bin\zip.dll
0x00007ffd00650000 - 0x00007ffd00d94000 	C:\WINDOWS\System32\SHELL32.dll
0x00007ffcfc6b0000 - 0x00007ffcfce44000 	C:\WINDOWS\SYSTEM32\windows.storage.dll
0x00007ffcff550000 - 0x00007ffcff8a5000 	C:\WINDOWS\System32\combase.dll
0x00007ffcfe440000 - 0x00007ffcfe46e000 	C:\WINDOWS\SYSTEM32\Wldp.dll
0x00007ffcffec0000 - 0x00007ffcfff6d000 	C:\WINDOWS\System32\SHCORE.dll
0x00007ffd00570000 - 0x00007ffd005c5000 	C:\WINDOWS\System32\shlwapi.dll
0x00007ffcfea00000 - 0x00007ffcfea1f000 	C:\WINDOWS\SYSTEM32\profapi.dll
0x00007ffce6dc0000 - 0x00007ffce6dda000 	C:\Program Files\Android\Android Studio\jre\bin\net.dll
0x00007ffce8340000 - 0x00007ffce844c000 	C:\WINDOWS\SYSTEM32\WINHTTP.dll
0x00007ffcfe1a0000 - 0x00007ffcfe20a000 	C:\WINDOWS\system32\mswsock.dll
0x00007ffcdc040000 - 0x00007ffcdc054000 	C:\Program Files\Android\Android Studio\jre\bin\nio.dll
0x00007ffce6fe0000 - 0x00007ffce7007000 	C:\Users\mobile\.gradle\native\8bec1ad78214c89d9ad589b4d07fe93259594b29d510b10fafb7a158f7737e5d\windows-amd64\native-platform.dll
0x00007ffcc4450000 - 0x00007ffcc458d000 	C:\Users\mobile\.gradle\native\53dbd7edfb1c66fb8903c78663c9afc45aea4f116125fa6feffd364cf09443e8\windows-amd64\native-platform-file-events.dll
0x00007ffcea510000 - 0x00007ffcea51a000 	C:\Program Files\Android\Android Studio\jre\bin\management.dll
0x00007ffcea1e0000 - 0x00007ffcea1ec000 	C:\Program Files\Android\Android Studio\jre\bin\management_ext.dll
0x00007ffcfe390000 - 0x00007ffcfe3a8000 	C:\WINDOWS\SYSTEM32\CRYPTSP.dll
0x00007ffcfdb20000 - 0x00007ffcfdb54000 	C:\WINDOWS\system32\rsaenh.dll
0x00007ffcfebc0000 - 0x00007ffcfebe7000 	C:\WINDOWS\System32\bcrypt.dll
0x00007ffcfe9c0000 - 0x00007ffcfe9ee000 	C:\WINDOWS\SYSTEM32\USERENV.dll
0x00007ffcfe3b0000 - 0x00007ffcfe3bc000 	C:\WINDOWS\SYSTEM32\CRYPTBASE.dll
0x00007ffcfde90000 - 0x00007ffcfdecb000 	C:\WINDOWS\SYSTEM32\IPHLPAPI.DLL
0x00007ffd00470000 - 0x00007ffd00478000 	C:\WINDOWS\System32\NSI.dll
0x00007ffcf7720000 - 0x00007ffcf7737000 	C:\WINDOWS\SYSTEM32\dhcpcsvc6.DLL
0x00007ffcf73d0000 - 0x00007ffcf73ed000 	C:\WINDOWS\SYSTEM32\dhcpcsvc.DLL
0x00007ffcfded0000 - 0x00007ffcfdf9b000 	C:\WINDOWS\SYSTEM32\DNSAPI.dll
0x00007ffccf550000 - 0x00007ffccf577000 	C:\Program Files\Android\Android Studio\jre\bin\sunec.dll
0x00007ffce7080000 - 0x00007ffce708a000 	C:\Windows\System32\rasadhlp.dll
0x00007ffcf87e0000 - 0x00007ffcf885f000 	C:\WINDOWS\System32\fwpuclnt.dll

dbghelp: loaded successfully - version: 4.0.5 - missing functions: none
symbol engine: initialized successfully - sym options: 0x614 - pdb path: .;C:\Program Files\Android\Android Studio\jre\bin;C:\WINDOWS\SYSTEM32;C:\WINDOWS\WinSxS\amd64_microsoft.windows.common-controls_6595b64144ccf1df_6.0.19041.1110_none_60b5254171f9507e;C:\Program Files\Android\Android Studio\jre\bin\server;C:\Users\mobile\.gradle\native\8bec1ad78214c89d9ad589b4d07fe93259594b29d510b10fafb7a158f7737e5d\windows-amd64;C:\Users\mobile\.gradle\native\53dbd7edfb1c66fb8903c78663c9afc45aea4f116125fa6feffd364cf09443e8\windows-amd64

VM Arguments:
jvm_args: --add-opens=java.base/java.util=ALL-UNNAMED --add-opens=java.base/java.lang=ALL-UNNAMED --add-opens=java.base/java.lang.invoke=ALL-UNNAMED --add-opens=java.base/java.util=ALL-UNNAMED --add-opens=java.prefs/java.util.prefs=ALL-UNNAMED --add-opens=java.prefs/java.util.prefs=ALL-UNNAMED --add-opens=java.base/java.nio.charset=ALL-UNNAMED --add-opens=java.base/java.net=ALL-UNNAMED --add-opens=java.base/java.util.concurrent.atomic=ALL-UNNAMED -Xmx2048m -Dfile.encoding=UTF-8 -Duser.country=RU -Duser.language=ru -Duser.variant 
java_command: org.gradle.launcher.daemon.bootstrap.GradleDaemon 7.0.2
java_class_path (initial): C:\Users\mobile\.gradle\wrapper\dists\gradle-7.0.2-bin\857tjihv64xamwrf0h14cai3r\gradle-7.0.2\lib\gradle-launcher-7.0.2.jar
Launcher Type: SUN_STANDARD

[Global flags]
     intx CICompilerCount                          = 4                                         {product} {ergonomic}
     uint ConcGCThreads                            = 2                                         {product} {ergonomic}
     uint G1ConcRefinementThreads                  = 8                                         {product} {ergonomic}
   size_t G1HeapRegionSize                         = 1048576                                   {product} {ergonomic}
    uintx GCDrainStackTargetSize                   = 64                                        {product} {ergonomic}
   size_t InitialHeapSize                          = 132120576                                 {product} {ergonomic}
   size_t MarkStackSize                            = 4194304                                   {product} {ergonomic}
   size_t MaxHeapSize                              = 2147483648                                {product} {command line}
   size_t MaxNewSize                               = 1287651328                                {product} {ergonomic}
   size_t MinHeapDeltaBytes                        = 1048576                                   {product} {ergonomic}
    uintx NonNMethodCodeHeapSize                   = 5836300                                {pd product} {ergonomic}
    uintx NonProfiledCodeHeapSize                  = 122910970                              {pd product} {ergonomic}
    uintx ProfiledCodeHeapSize                     = 122910970                              {pd product} {ergonomic}
    uintx ReservedCodeCacheSize                    = 251658240                              {pd product} {ergonomic}
     bool SegmentedCodeCache                       = true                                      {product} {ergonomic}
     bool UseCompressedClassPointers               = true                                 {lp64_product} {ergonomic}
     bool UseCompressedOops                        = true                                 {lp64_product} {ergonomic}
     bool UseG1GC                                  = true                                      {product} {ergonomic}
     bool UseLargePagesIndividualAllocation        = false                                  {pd product} {ergonomic}

Logging:
Log output configuration:
 #0: stdout all=warning uptime,level,tags
 #1: stderr all=off uptime,level,tags

Environment Variables:
PATH=C:\Program Files\Python39\Scripts\;C:\Program Files\Python39\;#%C:\Windows\system32;C:\Windows;C:\Windows\System32\Wbem;C:\Windows\System32\WindowsPowerShell\v1.0\;c:\Program Files\Microsoft SQL Server\100\Tools\Binn\;c:\Program Files\Microsoft SQL Server\100\DTS\Binn\;C:\Program Files\IVI Foundation\VISA\WinNT\Bin;C:\WinAVR-20100110\bin;C:\WinAVR-20100110\utils\bin;C:\Program Files\Java\jdk-12.0.2\bin;C:\Program Files\mingw-w64\x86_64-8.1.0-win32-seh-rt_v6-rev0\mingw64\bin;C:\Program Files\Git\bin;;C:\WINDOWS\system32;C:\WINDOWS;C:\WINDOWS\System32\Wbem;C:\WINDOWS\System32\WindowsPowerShell\v1.0\;C:\WINDOWS\System32\OpenSSH\;C:\Users\mobile\AppData\Local\Microsoft\WindowsApps;;C:\Users\mobile\AppData\Local\Programs\Microsoft VS Code\bin
USERNAME=mobile
OS=Windows_NT
PROCESSOR_IDENTIFIER=Intel64 Family 6 Model 142 Stepping 11, GenuineIntel



---------------  S Y S T E M  ---------------

OS: Windows 10 , 64 bit Build 19041 (10.0.19041.1503)
OS uptime: 4 days 2:45 hours

CPU:total 8 (initial active 8) (4 cores per cpu, 2 threads per core) family 6 model 142 stepping 11 microcode 0xde, cmov, cx8, fxsr, mmx, sse, sse2, sse3, ssse3, sse4.1, sse4.2, popcnt, avx, avx2, aes, clmul, erms, 3dnowpref, lzcnt, ht, tsc, tscinvbit, bmi1, bmi2, adx, fma

Memory: 4k page, system-wide physical 8062M (1083M free)
TotalPageFile size 11424M (AvailPageFile size 94M)
current process WorkingSet (physical memory assigned to process): 672M, peak: 678M
current process commit charge ("private bytes"): 762M, peak: 769M

vm_info: OpenJDK 64-Bit Server VM (11.0.10+0-b96-7249189) for windows-amd64 JRE (11.0.10+0-b96-7249189), built on Mar 31 2021 21:44:00 by "builder" with MS VC++ 14.0 (VS2015)

END.
